<?xml version="1.0" encoding="UTF-8"?>
<robot generator="Robot 6.0.2 (Python 3.11.0 on win32)" generated="20240516 16:40:25.972" rpa="false" schemaversion="3">
<suite id="s1" name="DemoTest" source="C:\Users\citiadmin\Documents\workspace\RobotDemo\Demo\Tests\DemoTest.robot">
<test id="s1-t1" name="Ingresar con usuario válido y contraseña inválida" line="8">
<kw name="Ingresar Usuario y Contraseña" library="keywords_demo">
<arg>test</arg>
<arg>test</arg>
<kw name="Open Application" library="AppiumLibrary">
<arg>${APPIUM_SERVER}</arg>
<arg>automationName=${ANDROID_AUTOMATION_NAME}</arg>
<arg>platformName=${ANDROID_PLATFORM_NAME}</arg>
<arg>platformVersion=${ANDROID_PLATFORM_VERSION}</arg>
<arg>app=${ANDROID_APP}</arg>
<arg>appPackage=com.kuhnipay</arg>
<arg>appActivity=com.kuhnipay.MainActivity</arg>
<doc>Opens a new application to given Appium server.
Capabilities of appium server, Android and iOS,
Please check https://github.com/appium/appium/blob/master/docs/en/writing-running-appium/server-args.md
| *Option*            | *Man.* | *Description*     |
| remote_url          | Yes    | Appium server url |
| alias               | no     | alias             |
| strict_ssl          | No     | allows you to send commands to an invalid certificate host like a self-signed one. |</doc>
<status status="PASS" starttime="20240516 16:40:31.605" endtime="20240516 16:40:54.459"/>
</kw>
<kw name="Wait Until Element Is Visible" library="AppiumLibrary">
<arg>xpath=/hierarchy/android.widget.FrameLayout/android.widget.FrameLayout/android.widget.FrameLayout/android.widget.ScrollView/android.widget.LinearLayout/android.widget.LinearLayout/android.widget.LinearLayout[3]/android.widget.Button[1]</arg>
<doc>Waits until element specified with `locator` is visible.</doc>
<msg timestamp="20240516 16:40:58.140" level="INFO">xpath criteria: /hierarchy/android.widget.FrameLayout/android.widget.FrameLayout/android.widget.FrameLayout/android.widget.ScrollView/android.widget.LinearLayout/android.widget.LinearLayout/android.widget.LinearLayout[3]/android.widget.Button[1]
xpath criteria: /hierarchy/android.widget.FrameLayout/android.widget.FrameLayout/android.widget.FrameLayout/android.widget.ScrollView/android.widget.LinearLayout/android.widget.LinearLayout/android.widget.LinearLayout[3]/android.widget.Button[1]
xpath criteria: /hierarchy/android.widget.FrameLayout/android.widget.FrameLayout/android.widget.FrameLayout/android.widget.ScrollView/android.widget.LinearLayout/android.widget.LinearLayout/android.widget.LinearLayout[3]/android.widget.Button[1]</msg>
<status status="PASS" starttime="20240516 16:40:54.459" endtime="20240516 16:40:58.146"/>
</kw>
<kw name="Wait Until Element Is Visible" library="AppiumLibrary">
<arg>xpath=/hierarchy/android.widget.FrameLayout/android.widget.FrameLayout/android.widget.FrameLayout/android.widget.ScrollView/android.widget.LinearLayout/android.widget.LinearLayout/android.widget.LinearLayout[3]/android.widget.Button[1]</arg>
<doc>Waits until element specified with `locator` is visible.</doc>
<msg timestamp="20240516 16:40:58.367" level="INFO">xpath criteria: /hierarchy/android.widget.FrameLayout/android.widget.FrameLayout/android.widget.FrameLayout/android.widget.ScrollView/android.widget.LinearLayout/android.widget.LinearLayout/android.widget.LinearLayout[3]/android.widget.Button[1]</msg>
<status status="PASS" starttime="20240516 16:40:58.147" endtime="20240516 16:40:58.367"/>
</kw>
<kw name="Click Element" library="AppiumLibrary">
<arg>xpath=/hierarchy/android.widget.FrameLayout/android.widget.FrameLayout/android.widget.FrameLayout/android.widget.ScrollView/android.widget.LinearLayout/android.widget.LinearLayout/android.widget.LinearLayout[3]/android.widget.Button[1]</arg>
<doc>Click element identified by `locator`.</doc>
<msg timestamp="20240516 16:40:58.372" level="INFO">Clicking element 'xpath=/hierarchy/android.widget.FrameLayout/android.widget.FrameLayout/android.widget.FrameLayout/android.widget.ScrollView/android.widget.LinearLayout/android.widget.LinearLayout/android.widget.LinearLayout[3]/android.widget.Button[1]'.</msg>
<msg timestamp="20240516 16:40:58.603" level="INFO">xpath criteria: /hierarchy/android.widget.FrameLayout/android.widget.FrameLayout/android.widget.FrameLayout/android.widget.ScrollView/android.widget.LinearLayout/android.widget.LinearLayout/android.widget.LinearLayout[3]/android.widget.Button[1]</msg>
<status status="PASS" starttime="20240516 16:40:58.368" endtime="20240516 16:40:58.603"/>
</kw>
<kw name="Wait Until Element Is Visible" library="AppiumLibrary">
<arg>xpath=/hierarchy/android.widget.FrameLayout/android.widget.LinearLayout/android.widget.FrameLayout/android.widget.FrameLayout/android.view.ViewGroup/android.view.ViewGroup/android.view.ViewGroup/android.view.ViewGroup/android.view.ViewGroup/android.view.ViewGroup/android.view.ViewGroup/android.view.ViewGroup[1]/android.view.ViewGroup/android.view.ViewGroup/android.view.ViewGroup/android.widget.TextView</arg>
<doc>Waits until element specified with `locator` is visible.</doc>
<msg timestamp="20240516 16:40:59.854" level="INFO">xpath criteria: /hierarchy/android.widget.FrameLayout/android.widget.LinearLayout/android.widget.FrameLayout/android.widget.FrameLayout/android.view.ViewGroup/android.view.ViewGroup/android.view.ViewGroup/android.view.ViewGroup/android.view.ViewGroup/android.view.ViewGroup/android.view.ViewGroup/android.view.ViewGroup[1]/android.view.ViewGroup/android.view.ViewGroup/android.view.ViewGroup/android.widget.TextView
xpath criteria: /hierarchy/android.widget.FrameLayout/android.widget.LinearLayout/android.widget.FrameLayout/android.widget.FrameLayout/android.view.ViewGroup/android.view.ViewGroup/android.view.ViewGroup/android.view.ViewGroup/android.view.ViewGroup/android.view.ViewGroup/android.view.ViewGroup/android.view.ViewGroup[1]/android.view.ViewGroup/android.view.ViewGroup/android.view.ViewGroup/android.widget.TextView</msg>
<status status="PASS" starttime="20240516 16:40:58.604" endtime="20240516 16:40:59.855"/>
</kw>
<kw name="Click Element" library="AppiumLibrary">
<arg>xpath=/hierarchy/android.widget.FrameLayout/android.widget.LinearLayout/android.widget.FrameLayout/android.widget.FrameLayout/android.view.ViewGroup/android.view.ViewGroup/android.view.ViewGroup/android.view.ViewGroup/android.view.ViewGroup/android.view.ViewGroup/android.view.ViewGroup/android.view.ViewGroup[1]/android.view.ViewGroup/android.view.ViewGroup/android.view.ViewGroup/android.widget.TextView</arg>
<doc>Click element identified by `locator`.</doc>
<msg timestamp="20240516 16:40:59.856" level="INFO">Clicking element 'xpath=/hierarchy/android.widget.FrameLayout/android.widget.LinearLayout/android.widget.FrameLayout/android.widget.FrameLayout/android.view.ViewGroup/android.view.ViewGroup/android.view.ViewGroup/android.view.ViewGroup/android.view.ViewGroup/android.view.ViewGroup/android.view.ViewGroup/android.view.ViewGroup[1]/android.view.ViewGroup/android.view.ViewGroup/android.view.ViewGroup/android.widget.TextView'.</msg>
<msg timestamp="20240516 16:40:59.994" level="INFO">xpath criteria: /hierarchy/android.widget.FrameLayout/android.widget.LinearLayout/android.widget.FrameLayout/android.widget.FrameLayout/android.view.ViewGroup/android.view.ViewGroup/android.view.ViewGroup/android.view.ViewGroup/android.view.ViewGroup/android.view.ViewGroup/android.view.ViewGroup/android.view.ViewGroup[1]/android.view.ViewGroup/android.view.ViewGroup/android.view.ViewGroup/android.widget.TextView</msg>
<status status="PASS" starttime="20240516 16:40:59.855" endtime="20240516 16:40:59.994"/>
</kw>
<kw name="Input Text" library="AppiumLibrary">
<arg>xpath=${contraseña_xpath}</arg>
<arg>${usuario}</arg>
<doc>Types the given `text` into text field identified by `locator`.</doc>
<msg timestamp="20240516 16:40:59.998" level="INFO">Typing text 'test' into text field 'xpath=/hierarchy/android.widget.FrameLayout/android.widget.LinearLayout/android.widget.FrameLayout/android.widget.LinearLayout/android.widget.FrameLayout/android.widget.FrameLayout/android.view.ViewGroup/android.view.ViewGroup/android.view.ViewGroup/android.view.ViewGroup/android.view.ViewGroup/android.view.ViewGroup/android.view.ViewGroup/android.view.ViewGroup/android.view.ViewGroup/android.view.ViewGroup/android.view.ViewGroup/android.view.ViewGroup/android.view.ViewGroup/android.view.ViewGroup/android.view.ViewGroup/android.view.ViewGroup/android.view.ViewGroup/android.view.ViewGroup/android.view.ViewGroup/android.widget.ScrollView/android.view.ViewGroup/android.view.ViewGroup[2]/android.view.ViewGroup/android.view.ViewGroup/android.view.ViewGroup/android.widget.EditText'</msg>
<msg timestamp="20240516 16:41:02.109" level="INFO">xpath criteria: /hierarchy/android.widget.FrameLayout/android.widget.LinearLayout/android.widget.FrameLayout/android.widget.LinearLayout/android.widget.FrameLayout/android.widget.FrameLayout/android.view.ViewGroup/android.view.ViewGroup/android.view.ViewGroup/android.view.ViewGroup/android.view.ViewGroup/android.view.ViewGroup/android.view.ViewGroup/android.view.ViewGroup/android.view.ViewGroup/android.view.ViewGroup/android.view.ViewGroup/android.view.ViewGroup/android.view.ViewGroup/android.view.ViewGroup/android.view.ViewGroup/android.view.ViewGroup/android.view.ViewGroup/android.view.ViewGroup/android.view.ViewGroup/android.widget.ScrollView/android.view.ViewGroup/android.view.ViewGroup[2]/android.view.ViewGroup/android.view.ViewGroup/android.view.ViewGroup/android.widget.EditText</msg>
<status status="PASS" starttime="20240516 16:40:59.996" endtime="20240516 16:41:02.109"/>
</kw>
<kw name="Click Element" library="AppiumLibrary">
<arg>xpath=/hierarchy/android.widget.FrameLayout/android.widget.LinearLayout/android.widget.FrameLayout/android.widget.LinearLayout/android.widget.FrameLayout/android.widget.FrameLayout/android.view.ViewGroup/android.view.ViewGroup/android.view.ViewGroup/android.view.ViewGroup/android.view.ViewGroup/android.view.ViewGroup/android.view.ViewGroup/android.view.ViewGroup/android.view.ViewGroup/android.view.ViewGroup/android.view.ViewGroup/android.view.ViewGroup/android.view.ViewGroup/android.view.ViewGroup/android.view.ViewGroup/android.view.ViewGroup/android.view.ViewGroup/android.view.ViewGroup/android.view.ViewGroup/android.widget.ScrollView/android.view.ViewGroup/android.view.ViewGroup[3]/android.view.ViewGroup/android.view.ViewGroup/android.view.ViewGroup/android.view.ViewGroup/android.view.View</arg>
<doc>Click element identified by `locator`.</doc>
<msg timestamp="20240516 16:41:02.112" level="INFO">Clicking element 'xpath=/hierarchy/android.widget.FrameLayout/android.widget.LinearLayout/android.widget.FrameLayout/android.widget.LinearLayout/android.widget.FrameLayout/android.widget.FrameLayout/android.view.ViewGroup/android.view.ViewGroup/android.view.ViewGroup/android.view.ViewGroup/android.view.ViewGroup/android.view.ViewGroup/android.view.ViewGroup/android.view.ViewGroup/android.view.ViewGroup/android.view.ViewGroup/android.view.ViewGroup/android.view.ViewGroup/android.view.ViewGroup/android.view.ViewGroup/android.view.ViewGroup/android.view.ViewGroup/android.view.ViewGroup/android.view.ViewGroup/android.view.ViewGroup/android.widget.ScrollView/android.view.ViewGroup/android.view.ViewGroup[3]/android.view.ViewGroup/android.view.ViewGroup/android.view.ViewGroup/android.view.ViewGroup/android.view.View'.</msg>
<msg timestamp="20240516 16:41:02.745" level="INFO">xpath criteria: /hierarchy/android.widget.FrameLayout/android.widget.LinearLayout/android.widget.FrameLayout/android.widget.LinearLayout/android.widget.FrameLayout/android.widget.FrameLayout/android.view.ViewGroup/android.view.ViewGroup/android.view.ViewGroup/android.view.ViewGroup/android.view.ViewGroup/android.view.ViewGroup/android.view.ViewGroup/android.view.ViewGroup/android.view.ViewGroup/android.view.ViewGroup/android.view.ViewGroup/android.view.ViewGroup/android.view.ViewGroup/android.view.ViewGroup/android.view.ViewGroup/android.view.ViewGroup/android.view.ViewGroup/android.view.ViewGroup/android.view.ViewGroup/android.widget.ScrollView/android.view.ViewGroup/android.view.ViewGroup[3]/android.view.ViewGroup/android.view.ViewGroup/android.view.ViewGroup/android.view.ViewGroup/android.view.View</msg>
<status status="PASS" starttime="20240516 16:41:02.110" endtime="20240516 16:41:02.745"/>
</kw>
<kw name="Sleep" library="BuiltIn">
<arg>5s</arg>
<doc>Pauses the test executed for the given time.</doc>
<msg timestamp="20240516 16:41:07.748" level="INFO">Slept 5 seconds</msg>
<status status="PASS" starttime="20240516 16:41:02.746" endtime="20240516 16:41:07.748"/>
</kw>
<kw name="Input Text" library="AppiumLibrary">
<arg>xpath=${contraseña_xpath}</arg>
<arg>${contraseña}</arg>
<doc>Types the given `text` into text field identified by `locator`.</doc>
<msg timestamp="20240516 16:41:07.750" level="INFO">Typing text 'test' into text field 'xpath=/hierarchy/android.widget.FrameLayout/android.widget.LinearLayout/android.widget.FrameLayout/android.widget.LinearLayout/android.widget.FrameLayout/android.widget.FrameLayout/android.view.ViewGroup/android.view.ViewGroup/android.view.ViewGroup/android.view.ViewGroup/android.view.ViewGroup/android.view.ViewGroup/android.view.ViewGroup/android.view.ViewGroup/android.view.ViewGroup/android.view.ViewGroup/android.view.ViewGroup/android.view.ViewGroup/android.view.ViewGroup/android.view.ViewGroup/android.view.ViewGroup/android.view.ViewGroup/android.view.ViewGroup/android.view.ViewGroup/android.view.ViewGroup/android.widget.ScrollView/android.view.ViewGroup/android.view.ViewGroup[2]/android.view.ViewGroup/android.view.ViewGroup/android.view.ViewGroup/android.widget.EditText'</msg>
<msg timestamp="20240516 16:41:08.437" level="INFO">xpath criteria: /hierarchy/android.widget.FrameLayout/android.widget.LinearLayout/android.widget.FrameLayout/android.widget.LinearLayout/android.widget.FrameLayout/android.widget.FrameLayout/android.view.ViewGroup/android.view.ViewGroup/android.view.ViewGroup/android.view.ViewGroup/android.view.ViewGroup/android.view.ViewGroup/android.view.ViewGroup/android.view.ViewGroup/android.view.ViewGroup/android.view.ViewGroup/android.view.ViewGroup/android.view.ViewGroup/android.view.ViewGroup/android.view.ViewGroup/android.view.ViewGroup/android.view.ViewGroup/android.view.ViewGroup/android.view.ViewGroup/android.view.ViewGroup/android.widget.ScrollView/android.view.ViewGroup/android.view.ViewGroup[2]/android.view.ViewGroup/android.view.ViewGroup/android.view.ViewGroup/android.widget.EditText</msg>
<status status="PASS" starttime="20240516 16:41:07.748" endtime="20240516 16:41:08.438"/>
</kw>
<kw name="Click Element" library="AppiumLibrary">
<arg>xpath=/hierarchy/android.widget.FrameLayout/android.widget.LinearLayout/android.widget.FrameLayout/android.widget.LinearLayout/android.widget.FrameLayout/android.widget.FrameLayout/android.view.ViewGroup/android.view.ViewGroup/android.view.ViewGroup/android.view.ViewGroup/android.view.ViewGroup/android.view.ViewGroup/android.view.ViewGroup/android.view.ViewGroup/android.view.ViewGroup/android.view.ViewGroup/android.view.ViewGroup/android.view.ViewGroup/android.view.ViewGroup/android.view.ViewGroup/android.view.ViewGroup/android.view.ViewGroup/android.view.ViewGroup/android.view.ViewGroup/android.view.ViewGroup/android.widget.ScrollView/android.view.ViewGroup/android.view.ViewGroup[3]/android.view.ViewGroup/android.view.ViewGroup/android.view.ViewGroup/android.view.ViewGroup/android.view.View</arg>
<doc>Click element identified by `locator`.</doc>
<msg timestamp="20240516 16:41:08.439" level="INFO">Clicking element 'xpath=/hierarchy/android.widget.FrameLayout/android.widget.LinearLayout/android.widget.FrameLayout/android.widget.LinearLayout/android.widget.FrameLayout/android.widget.FrameLayout/android.view.ViewGroup/android.view.ViewGroup/android.view.ViewGroup/android.view.ViewGroup/android.view.ViewGroup/android.view.ViewGroup/android.view.ViewGroup/android.view.ViewGroup/android.view.ViewGroup/android.view.ViewGroup/android.view.ViewGroup/android.view.ViewGroup/android.view.ViewGroup/android.view.ViewGroup/android.view.ViewGroup/android.view.ViewGroup/android.view.ViewGroup/android.view.ViewGroup/android.view.ViewGroup/android.widget.ScrollView/android.view.ViewGroup/android.view.ViewGroup[3]/android.view.ViewGroup/android.view.ViewGroup/android.view.ViewGroup/android.view.ViewGroup/android.view.View'.</msg>
<msg timestamp="20240516 16:41:09.075" level="INFO">xpath criteria: /hierarchy/android.widget.FrameLayout/android.widget.LinearLayout/android.widget.FrameLayout/android.widget.LinearLayout/android.widget.FrameLayout/android.widget.FrameLayout/android.view.ViewGroup/android.view.ViewGroup/android.view.ViewGroup/android.view.ViewGroup/android.view.ViewGroup/android.view.ViewGroup/android.view.ViewGroup/android.view.ViewGroup/android.view.ViewGroup/android.view.ViewGroup/android.view.ViewGroup/android.view.ViewGroup/android.view.ViewGroup/android.view.ViewGroup/android.view.ViewGroup/android.view.ViewGroup/android.view.ViewGroup/android.view.ViewGroup/android.view.ViewGroup/android.widget.ScrollView/android.view.ViewGroup/android.view.ViewGroup[3]/android.view.ViewGroup/android.view.ViewGroup/android.view.ViewGroup/android.view.ViewGroup/android.view.View</msg>
<status status="PASS" starttime="20240516 16:41:08.438" endtime="20240516 16:41:09.075"/>
</kw>
<kw name="Sleep" library="BuiltIn">
<arg>5s</arg>
<doc>Pauses the test executed for the given time.</doc>
<msg timestamp="20240516 16:41:14.075" level="INFO">Slept 5 seconds</msg>
<status status="PASS" starttime="20240516 16:41:09.075" endtime="20240516 16:41:14.075"/>
</kw>
<status status="PASS" starttime="20240516 16:40:31.605" endtime="20240516 16:41:14.075"/>
</kw>
<kw name="Tomar Captura de Pantalla si el Test Case ha Fallado" library="keywords_demo">
<arg>${TEST_NAME}.png</arg>
<kw name="Run Keyword If Test Failed" library="BuiltIn">
<arg>AppiumLibrary.Capture Page Screenshot</arg>
<arg>${file_name}</arg>
<doc>Runs the given keyword with the given arguments, if the test failed.</doc>
<msg timestamp="20240516 16:41:14.076" level="FAIL">Keyword 'Run Keyword If Test Failed' can only be used in test teardown.</msg>
<status status="FAIL" starttime="20240516 16:41:14.076" endtime="20240516 16:41:14.076"/>
</kw>
<status status="FAIL" starttime="20240516 16:41:14.075" endtime="20240516 16:41:14.077"/>
</kw>
<tag>Invalid Password</tag>
<status status="FAIL" starttime="20240516 16:40:31.604" endtime="20240516 16:41:14.077">Keyword 'Run Keyword If Test Failed' can only be used in test teardown.</status>
</test>
<test id="s1-t2" name="Ingresar con usuario inválido y contraseña válida" line="14">
<kw name="Ingresar Usuario y Contraseña" library="keywords_demo">
<arg>victor.dejesus1@citi.com.mx</arg>
<arg>QaCiti.12</arg>
<kw name="Open Application" library="AppiumLibrary">
<arg>${APPIUM_SERVER}</arg>
<arg>automationName=${ANDROID_AUTOMATION_NAME}</arg>
<arg>platformName=${ANDROID_PLATFORM_NAME}</arg>
<arg>platformVersion=${ANDROID_PLATFORM_VERSION}</arg>
<arg>app=${ANDROID_APP}</arg>
<arg>appPackage=com.kuhnipay</arg>
<arg>appActivity=com.kuhnipay.MainActivity</arg>
<doc>Opens a new application to given Appium server.
Capabilities of appium server, Android and iOS,
Please check https://github.com/appium/appium/blob/master/docs/en/writing-running-appium/server-args.md
| *Option*            | *Man.* | *Description*     |
| remote_url          | Yes    | Appium server url |
| alias               | no     | alias             |
| strict_ssl          | No     | allows you to send commands to an invalid certificate host like a self-signed one. |</doc>
<status status="PASS" starttime="20240516 16:41:14.079" endtime="20240516 16:41:41.501"/>
</kw>
<kw name="Wait Until Element Is Visible" library="AppiumLibrary">
<arg>xpath=/hierarchy/android.widget.FrameLayout/android.widget.FrameLayout/android.widget.FrameLayout/android.widget.ScrollView/android.widget.LinearLayout/android.widget.LinearLayout/android.widget.LinearLayout[3]/android.widget.Button[1]</arg>
<doc>Waits until element specified with `locator` is visible.</doc>
<msg timestamp="20240516 16:41:45.981" level="INFO">xpath criteria: /hierarchy/android.widget.FrameLayout/android.widget.FrameLayout/android.widget.FrameLayout/android.widget.ScrollView/android.widget.LinearLayout/android.widget.LinearLayout/android.widget.LinearLayout[3]/android.widget.Button[1]
xpath criteria: /hierarchy/android.widget.FrameLayout/android.widget.FrameLayout/android.widget.FrameLayout/android.widget.ScrollView/android.widget.LinearLayout/android.widget.LinearLayout/android.widget.LinearLayout[3]/android.widget.Button[1]</msg>
<status status="PASS" starttime="20240516 16:41:41.502" endtime="20240516 16:41:45.981"/>
</kw>
<kw name="Wait Until Element Is Visible" library="AppiumLibrary">
<arg>xpath=/hierarchy/android.widget.FrameLayout/android.widget.FrameLayout/android.widget.FrameLayout/android.widget.ScrollView/android.widget.LinearLayout/android.widget.LinearLayout/android.widget.LinearLayout[3]/android.widget.Button[1]</arg>
<doc>Waits until element specified with `locator` is visible.</doc>
<msg timestamp="20240516 16:41:46.218" level="INFO">xpath criteria: /hierarchy/android.widget.FrameLayout/android.widget.FrameLayout/android.widget.FrameLayout/android.widget.ScrollView/android.widget.LinearLayout/android.widget.LinearLayout/android.widget.LinearLayout[3]/android.widget.Button[1]</msg>
<status status="PASS" starttime="20240516 16:41:45.982" endtime="20240516 16:41:46.218"/>
</kw>
<kw name="Click Element" library="AppiumLibrary">
<arg>xpath=/hierarchy/android.widget.FrameLayout/android.widget.FrameLayout/android.widget.FrameLayout/android.widget.ScrollView/android.widget.LinearLayout/android.widget.LinearLayout/android.widget.LinearLayout[3]/android.widget.Button[1]</arg>
<doc>Click element identified by `locator`.</doc>
<msg timestamp="20240516 16:41:46.221" level="INFO">Clicking element 'xpath=/hierarchy/android.widget.FrameLayout/android.widget.FrameLayout/android.widget.FrameLayout/android.widget.ScrollView/android.widget.LinearLayout/android.widget.LinearLayout/android.widget.LinearLayout[3]/android.widget.Button[1]'.</msg>
<msg timestamp="20240516 16:41:46.394" level="INFO">xpath criteria: /hierarchy/android.widget.FrameLayout/android.widget.FrameLayout/android.widget.FrameLayout/android.widget.ScrollView/android.widget.LinearLayout/android.widget.LinearLayout/android.widget.LinearLayout[3]/android.widget.Button[1]</msg>
<status status="PASS" starttime="20240516 16:41:46.219" endtime="20240516 16:41:46.394"/>
</kw>
<kw name="Wait Until Element Is Visible" library="AppiumLibrary">
<arg>xpath=/hierarchy/android.widget.FrameLayout/android.widget.LinearLayout/android.widget.FrameLayout/android.widget.FrameLayout/android.view.ViewGroup/android.view.ViewGroup/android.view.ViewGroup/android.view.ViewGroup/android.view.ViewGroup/android.view.ViewGroup/android.view.ViewGroup/android.view.ViewGroup[1]/android.view.ViewGroup/android.view.ViewGroup/android.view.ViewGroup/android.widget.TextView</arg>
<doc>Waits until element specified with `locator` is visible.</doc>
<msg timestamp="20240516 16:41:47.795" level="INFO">xpath criteria: /hierarchy/android.widget.FrameLayout/android.widget.LinearLayout/android.widget.FrameLayout/android.widget.FrameLayout/android.view.ViewGroup/android.view.ViewGroup/android.view.ViewGroup/android.view.ViewGroup/android.view.ViewGroup/android.view.ViewGroup/android.view.ViewGroup/android.view.ViewGroup[1]/android.view.ViewGroup/android.view.ViewGroup/android.view.ViewGroup/android.widget.TextView</msg>
<status status="PASS" starttime="20240516 16:41:46.396" endtime="20240516 16:41:47.795"/>
</kw>
<kw name="Click Element" library="AppiumLibrary">
<arg>xpath=/hierarchy/android.widget.FrameLayout/android.widget.LinearLayout/android.widget.FrameLayout/android.widget.FrameLayout/android.view.ViewGroup/android.view.ViewGroup/android.view.ViewGroup/android.view.ViewGroup/android.view.ViewGroup/android.view.ViewGroup/android.view.ViewGroup/android.view.ViewGroup[1]/android.view.ViewGroup/android.view.ViewGroup/android.view.ViewGroup/android.widget.TextView</arg>
<doc>Click element identified by `locator`.</doc>
<msg timestamp="20240516 16:41:47.803" level="INFO">Clicking element 'xpath=/hierarchy/android.widget.FrameLayout/android.widget.LinearLayout/android.widget.FrameLayout/android.widget.FrameLayout/android.view.ViewGroup/android.view.ViewGroup/android.view.ViewGroup/android.view.ViewGroup/android.view.ViewGroup/android.view.ViewGroup/android.view.ViewGroup/android.view.ViewGroup[1]/android.view.ViewGroup/android.view.ViewGroup/android.view.ViewGroup/android.widget.TextView'.</msg>
<msg timestamp="20240516 16:41:48.044" level="INFO">xpath criteria: /hierarchy/android.widget.FrameLayout/android.widget.LinearLayout/android.widget.FrameLayout/android.widget.FrameLayout/android.view.ViewGroup/android.view.ViewGroup/android.view.ViewGroup/android.view.ViewGroup/android.view.ViewGroup/android.view.ViewGroup/android.view.ViewGroup/android.view.ViewGroup[1]/android.view.ViewGroup/android.view.ViewGroup/android.view.ViewGroup/android.widget.TextView</msg>
<status status="PASS" starttime="20240516 16:41:47.797" endtime="20240516 16:41:48.045"/>
</kw>
<kw name="Input Text" library="AppiumLibrary">
<arg>xpath=${contraseña_xpath}</arg>
<arg>${usuario}</arg>
<doc>Types the given `text` into text field identified by `locator`.</doc>
<msg timestamp="20240516 16:41:48.047" level="INFO">Typing text 'victor.dejesus1@citi.com.mx' into text field 'xpath=/hierarchy/android.widget.FrameLayout/android.widget.LinearLayout/android.widget.FrameLayout/android.widget.LinearLayout/android.widget.FrameLayout/android.widget.FrameLayout/android.view.ViewGroup/android.view.ViewGroup/android.view.ViewGroup/android.view.ViewGroup/android.view.ViewGroup/android.view.ViewGroup/android.view.ViewGroup/android.view.ViewGroup/android.view.ViewGroup/android.view.ViewGroup/android.view.ViewGroup/android.view.ViewGroup/android.view.ViewGroup/android.view.ViewGroup/android.view.ViewGroup/android.view.ViewGroup/android.view.ViewGroup/android.view.ViewGroup/android.view.ViewGroup/android.widget.ScrollView/android.view.ViewGroup/android.view.ViewGroup[2]/android.view.ViewGroup/android.view.ViewGroup/android.view.ViewGroup/android.widget.EditText'</msg>
<msg timestamp="20240516 16:41:49.260" level="INFO">xpath criteria: /hierarchy/android.widget.FrameLayout/android.widget.LinearLayout/android.widget.FrameLayout/android.widget.LinearLayout/android.widget.FrameLayout/android.widget.FrameLayout/android.view.ViewGroup/android.view.ViewGroup/android.view.ViewGroup/android.view.ViewGroup/android.view.ViewGroup/android.view.ViewGroup/android.view.ViewGroup/android.view.ViewGroup/android.view.ViewGroup/android.view.ViewGroup/android.view.ViewGroup/android.view.ViewGroup/android.view.ViewGroup/android.view.ViewGroup/android.view.ViewGroup/android.view.ViewGroup/android.view.ViewGroup/android.view.ViewGroup/android.view.ViewGroup/android.widget.ScrollView/android.view.ViewGroup/android.view.ViewGroup[2]/android.view.ViewGroup/android.view.ViewGroup/android.view.ViewGroup/android.widget.EditText</msg>
<status status="PASS" starttime="20240516 16:41:48.045" endtime="20240516 16:41:49.260"/>
</kw>
<kw name="Click Element" library="AppiumLibrary">
<arg>xpath=/hierarchy/android.widget.FrameLayout/android.widget.LinearLayout/android.widget.FrameLayout/android.widget.LinearLayout/android.widget.FrameLayout/android.widget.FrameLayout/android.view.ViewGroup/android.view.ViewGroup/android.view.ViewGroup/android.view.ViewGroup/android.view.ViewGroup/android.view.ViewGroup/android.view.ViewGroup/android.view.ViewGroup/android.view.ViewGroup/android.view.ViewGroup/android.view.ViewGroup/android.view.ViewGroup/android.view.ViewGroup/android.view.ViewGroup/android.view.ViewGroup/android.view.ViewGroup/android.view.ViewGroup/android.view.ViewGroup/android.view.ViewGroup/android.widget.ScrollView/android.view.ViewGroup/android.view.ViewGroup[3]/android.view.ViewGroup/android.view.ViewGroup/android.view.ViewGroup/android.view.ViewGroup/android.view.View</arg>
<doc>Click element identified by `locator`.</doc>
<msg timestamp="20240516 16:41:49.264" level="INFO">Clicking element 'xpath=/hierarchy/android.widget.FrameLayout/android.widget.LinearLayout/android.widget.FrameLayout/android.widget.LinearLayout/android.widget.FrameLayout/android.widget.FrameLayout/android.view.ViewGroup/android.view.ViewGroup/android.view.ViewGroup/android.view.ViewGroup/android.view.ViewGroup/android.view.ViewGroup/android.view.ViewGroup/android.view.ViewGroup/android.view.ViewGroup/android.view.ViewGroup/android.view.ViewGroup/android.view.ViewGroup/android.view.ViewGroup/android.view.ViewGroup/android.view.ViewGroup/android.view.ViewGroup/android.view.ViewGroup/android.view.ViewGroup/android.view.ViewGroup/android.widget.ScrollView/android.view.ViewGroup/android.view.ViewGroup[3]/android.view.ViewGroup/android.view.ViewGroup/android.view.ViewGroup/android.view.ViewGroup/android.view.View'.</msg>
<msg timestamp="20240516 16:41:49.991" level="INFO">xpath criteria: /hierarchy/android.widget.FrameLayout/android.widget.LinearLayout/android.widget.FrameLayout/android.widget.LinearLayout/android.widget.FrameLayout/android.widget.FrameLayout/android.view.ViewGroup/android.view.ViewGroup/android.view.ViewGroup/android.view.ViewGroup/android.view.ViewGroup/android.view.ViewGroup/android.view.ViewGroup/android.view.ViewGroup/android.view.ViewGroup/android.view.ViewGroup/android.view.ViewGroup/android.view.ViewGroup/android.view.ViewGroup/android.view.ViewGroup/android.view.ViewGroup/android.view.ViewGroup/android.view.ViewGroup/android.view.ViewGroup/android.view.ViewGroup/android.widget.ScrollView/android.view.ViewGroup/android.view.ViewGroup[3]/android.view.ViewGroup/android.view.ViewGroup/android.view.ViewGroup/android.view.ViewGroup/android.view.View</msg>
<status status="PASS" starttime="20240516 16:41:49.261" endtime="20240516 16:41:49.992"/>
</kw>
<kw name="Sleep" library="BuiltIn">
<arg>5s</arg>
<doc>Pauses the test executed for the given time.</doc>
<msg timestamp="20240516 16:41:54.993" level="INFO">Slept 5 seconds</msg>
<status status="PASS" starttime="20240516 16:41:49.992" endtime="20240516 16:41:54.993"/>
</kw>
<kw name="Input Text" library="AppiumLibrary">
<arg>xpath=${contraseña_xpath}</arg>
<arg>${contraseña}</arg>
<doc>Types the given `text` into text field identified by `locator`.</doc>
<msg timestamp="20240516 16:41:54.994" level="INFO">Typing text 'QaCiti.12' into text field 'xpath=/hierarchy/android.widget.FrameLayout/android.widget.LinearLayout/android.widget.FrameLayout/android.widget.LinearLayout/android.widget.FrameLayout/android.widget.FrameLayout/android.view.ViewGroup/android.view.ViewGroup/android.view.ViewGroup/android.view.ViewGroup/android.view.ViewGroup/android.view.ViewGroup/android.view.ViewGroup/android.view.ViewGroup/android.view.ViewGroup/android.view.ViewGroup/android.view.ViewGroup/android.view.ViewGroup/android.view.ViewGroup/android.view.ViewGroup/android.view.ViewGroup/android.view.ViewGroup/android.view.ViewGroup/android.view.ViewGroup/android.view.ViewGroup/android.widget.ScrollView/android.view.ViewGroup/android.view.ViewGroup[2]/android.view.ViewGroup/android.view.ViewGroup/android.view.ViewGroup/android.widget.EditText'</msg>
<msg timestamp="20240516 16:41:55.129" level="INFO">xpath criteria: /hierarchy/android.widget.FrameLayout/android.widget.LinearLayout/android.widget.FrameLayout/android.widget.LinearLayout/android.widget.FrameLayout/android.widget.FrameLayout/android.view.ViewGroup/android.view.ViewGroup/android.view.ViewGroup/android.view.ViewGroup/android.view.ViewGroup/android.view.ViewGroup/android.view.ViewGroup/android.view.ViewGroup/android.view.ViewGroup/android.view.ViewGroup/android.view.ViewGroup/android.view.ViewGroup/android.view.ViewGroup/android.view.ViewGroup/android.view.ViewGroup/android.view.ViewGroup/android.view.ViewGroup/android.view.ViewGroup/android.view.ViewGroup/android.widget.ScrollView/android.view.ViewGroup/android.view.ViewGroup[2]/android.view.ViewGroup/android.view.ViewGroup/android.view.ViewGroup/android.widget.EditText</msg>
<status status="PASS" starttime="20240516 16:41:54.993" endtime="20240516 16:41:55.130"/>
</kw>
<kw name="Click Element" library="AppiumLibrary">
<arg>xpath=/hierarchy/android.widget.FrameLayout/android.widget.LinearLayout/android.widget.FrameLayout/android.widget.LinearLayout/android.widget.FrameLayout/android.widget.FrameLayout/android.view.ViewGroup/android.view.ViewGroup/android.view.ViewGroup/android.view.ViewGroup/android.view.ViewGroup/android.view.ViewGroup/android.view.ViewGroup/android.view.ViewGroup/android.view.ViewGroup/android.view.ViewGroup/android.view.ViewGroup/android.view.ViewGroup/android.view.ViewGroup/android.view.ViewGroup/android.view.ViewGroup/android.view.ViewGroup/android.view.ViewGroup/android.view.ViewGroup/android.view.ViewGroup/android.widget.ScrollView/android.view.ViewGroup/android.view.ViewGroup[3]/android.view.ViewGroup/android.view.ViewGroup/android.view.ViewGroup/android.view.ViewGroup/android.view.View</arg>
<doc>Click element identified by `locator`.</doc>
<msg timestamp="20240516 16:41:55.132" level="INFO">Clicking element 'xpath=/hierarchy/android.widget.FrameLayout/android.widget.LinearLayout/android.widget.FrameLayout/android.widget.LinearLayout/android.widget.FrameLayout/android.widget.FrameLayout/android.view.ViewGroup/android.view.ViewGroup/android.view.ViewGroup/android.view.ViewGroup/android.view.ViewGroup/android.view.ViewGroup/android.view.ViewGroup/android.view.ViewGroup/android.view.ViewGroup/android.view.ViewGroup/android.view.ViewGroup/android.view.ViewGroup/android.view.ViewGroup/android.view.ViewGroup/android.view.ViewGroup/android.view.ViewGroup/android.view.ViewGroup/android.view.ViewGroup/android.view.ViewGroup/android.widget.ScrollView/android.view.ViewGroup/android.view.ViewGroup[3]/android.view.ViewGroup/android.view.ViewGroup/android.view.ViewGroup/android.view.ViewGroup/android.view.View'.</msg>
<msg timestamp="20240516 16:41:55.759" level="INFO">xpath criteria: /hierarchy/android.widget.FrameLayout/android.widget.LinearLayout/android.widget.FrameLayout/android.widget.LinearLayout/android.widget.FrameLayout/android.widget.FrameLayout/android.view.ViewGroup/android.view.ViewGroup/android.view.ViewGroup/android.view.ViewGroup/android.view.ViewGroup/android.view.ViewGroup/android.view.ViewGroup/android.view.ViewGroup/android.view.ViewGroup/android.view.ViewGroup/android.view.ViewGroup/android.view.ViewGroup/android.view.ViewGroup/android.view.ViewGroup/android.view.ViewGroup/android.view.ViewGroup/android.view.ViewGroup/android.view.ViewGroup/android.view.ViewGroup/android.widget.ScrollView/android.view.ViewGroup/android.view.ViewGroup[3]/android.view.ViewGroup/android.view.ViewGroup/android.view.ViewGroup/android.view.ViewGroup/android.view.View</msg>
<status status="PASS" starttime="20240516 16:41:55.130" endtime="20240516 16:41:55.759"/>
</kw>
<kw name="Sleep" library="BuiltIn">
<arg>5s</arg>
<doc>Pauses the test executed for the given time.</doc>
<msg timestamp="20240516 16:42:00.761" level="INFO">Slept 5 seconds</msg>
<status status="PASS" starttime="20240516 16:41:55.760" endtime="20240516 16:42:00.763"/>
</kw>
<status status="PASS" starttime="20240516 16:41:14.078" endtime="20240516 16:42:00.764"/>
</kw>
<kw name="Tomar Captura de Pantalla si el Test Case ha Fallado" library="keywords_demo">
<arg>${TEST_NAME}.png</arg>
<kw name="Run Keyword If Test Failed" library="BuiltIn">
<arg>AppiumLibrary.Capture Page Screenshot</arg>
<arg>${file_name}</arg>
<doc>Runs the given keyword with the given arguments, if the test failed.</doc>
<msg timestamp="20240516 16:42:00.766" level="FAIL">Keyword 'Run Keyword If Test Failed' can only be used in test teardown.</msg>
<status status="FAIL" starttime="20240516 16:42:00.765" endtime="20240516 16:42:00.767"/>
</kw>
<status status="FAIL" starttime="20240516 16:42:00.765" endtime="20240516 16:42:00.767"/>
</kw>
<tag>Invalid Username</tag>
<status status="FAIL" starttime="20240516 16:41:14.078" endtime="20240516 16:42:00.768">Keyword 'Run Keyword If Test Failed' can only be used in test teardown.</status>
</test>
<test id="s1-t3" name="Ingresar con campos vacíos" line="20">
<kw name="Ingresar Usuario y Contraseña" library="keywords_demo">
<arg>""</arg>
<arg>""</arg>
<kw name="Open Application" library="AppiumLibrary">
<arg>${APPIUM_SERVER}</arg>
<arg>automationName=${ANDROID_AUTOMATION_NAME}</arg>
<arg>platformName=${ANDROID_PLATFORM_NAME}</arg>
<arg>platformVersion=${ANDROID_PLATFORM_VERSION}</arg>
<arg>app=${ANDROID_APP}</arg>
<arg>appPackage=com.kuhnipay</arg>
<arg>appActivity=com.kuhnipay.MainActivity</arg>
<doc>Opens a new application to given Appium server.
Capabilities of appium server, Android and iOS,
Please check https://github.com/appium/appium/blob/master/docs/en/writing-running-appium/server-args.md
| *Option*            | *Man.* | *Description*     |
| remote_url          | Yes    | Appium server url |
| alias               | no     | alias             |
| strict_ssl          | No     | allows you to send commands to an invalid certificate host like a self-signed one. |</doc>
<status status="PASS" starttime="20240516 16:42:00.774" endtime="20240516 16:42:28.195"/>
</kw>
<kw name="Wait Until Element Is Visible" library="AppiumLibrary">
<arg>xpath=/hierarchy/android.widget.FrameLayout/android.widget.FrameLayout/android.widget.FrameLayout/android.widget.ScrollView/android.widget.LinearLayout/android.widget.LinearLayout/android.widget.LinearLayout[3]/android.widget.Button[1]</arg>
<doc>Waits until element specified with `locator` is visible.</doc>
<msg timestamp="20240516 16:42:32.492" level="INFO">xpath criteria: /hierarchy/android.widget.FrameLayout/android.widget.FrameLayout/android.widget.FrameLayout/android.widget.ScrollView/android.widget.LinearLayout/android.widget.LinearLayout/android.widget.LinearLayout[3]/android.widget.Button[1]
xpath criteria: /hierarchy/android.widget.FrameLayout/android.widget.FrameLayout/android.widget.FrameLayout/android.widget.ScrollView/android.widget.LinearLayout/android.widget.LinearLayout/android.widget.LinearLayout[3]/android.widget.Button[1]
xpath criteria: /hierarchy/android.widget.FrameLayout/android.widget.FrameLayout/android.widget.FrameLayout/android.widget.ScrollView/android.widget.LinearLayout/android.widget.LinearLayout/android.widget.LinearLayout[3]/android.widget.Button[1]</msg>
<status status="PASS" starttime="20240516 16:42:28.196" endtime="20240516 16:42:32.493"/>
</kw>
<kw name="Wait Until Element Is Visible" library="AppiumLibrary">
<arg>xpath=/hierarchy/android.widget.FrameLayout/android.widget.FrameLayout/android.widget.FrameLayout/android.widget.ScrollView/android.widget.LinearLayout/android.widget.LinearLayout/android.widget.LinearLayout[3]/android.widget.Button[1]</arg>
<doc>Waits until element specified with `locator` is visible.</doc>
<msg timestamp="20240516 16:42:32.629" level="INFO">xpath criteria: /hierarchy/android.widget.FrameLayout/android.widget.FrameLayout/android.widget.FrameLayout/android.widget.ScrollView/android.widget.LinearLayout/android.widget.LinearLayout/android.widget.LinearLayout[3]/android.widget.Button[1]</msg>
<status status="PASS" starttime="20240516 16:42:32.493" endtime="20240516 16:42:32.630"/>
</kw>
<kw name="Click Element" library="AppiumLibrary">
<arg>xpath=/hierarchy/android.widget.FrameLayout/android.widget.FrameLayout/android.widget.FrameLayout/android.widget.ScrollView/android.widget.LinearLayout/android.widget.LinearLayout/android.widget.LinearLayout[3]/android.widget.Button[1]</arg>
<doc>Click element identified by `locator`.</doc>
<msg timestamp="20240516 16:42:32.758" level="INFO">Clicking element 'xpath=/hierarchy/android.widget.FrameLayout/android.widget.FrameLayout/android.widget.FrameLayout/android.widget.ScrollView/android.widget.LinearLayout/android.widget.LinearLayout/android.widget.LinearLayout[3]/android.widget.Button[1]'.</msg>
<msg timestamp="20240516 16:42:32.869" level="INFO">xpath criteria: /hierarchy/android.widget.FrameLayout/android.widget.FrameLayout/android.widget.FrameLayout/android.widget.ScrollView/android.widget.LinearLayout/android.widget.LinearLayout/android.widget.LinearLayout[3]/android.widget.Button[1]</msg>
<status status="PASS" starttime="20240516 16:42:32.630" endtime="20240516 16:42:32.869"/>
</kw>
<kw name="Wait Until Element Is Visible" library="AppiumLibrary">
<arg>xpath=/hierarchy/android.widget.FrameLayout/android.widget.LinearLayout/android.widget.FrameLayout/android.widget.FrameLayout/android.view.ViewGroup/android.view.ViewGroup/android.view.ViewGroup/android.view.ViewGroup/android.view.ViewGroup/android.view.ViewGroup/android.view.ViewGroup/android.view.ViewGroup[1]/android.view.ViewGroup/android.view.ViewGroup/android.view.ViewGroup/android.widget.TextView</arg>
<doc>Waits until element specified with `locator` is visible.</doc>
<msg timestamp="20240516 16:42:34.047" level="INFO">xpath criteria: /hierarchy/android.widget.FrameLayout/android.widget.LinearLayout/android.widget.FrameLayout/android.widget.FrameLayout/android.view.ViewGroup/android.view.ViewGroup/android.view.ViewGroup/android.view.ViewGroup/android.view.ViewGroup/android.view.ViewGroup/android.view.ViewGroup/android.view.ViewGroup[1]/android.view.ViewGroup/android.view.ViewGroup/android.view.ViewGroup/android.widget.TextView</msg>
<status status="PASS" starttime="20240516 16:42:32.870" endtime="20240516 16:42:34.048"/>
</kw>
<kw name="Click Element" library="AppiumLibrary">
<arg>xpath=/hierarchy/android.widget.FrameLayout/android.widget.LinearLayout/android.widget.FrameLayout/android.widget.FrameLayout/android.view.ViewGroup/android.view.ViewGroup/android.view.ViewGroup/android.view.ViewGroup/android.view.ViewGroup/android.view.ViewGroup/android.view.ViewGroup/android.view.ViewGroup[1]/android.view.ViewGroup/android.view.ViewGroup/android.view.ViewGroup/android.widget.TextView</arg>
<doc>Click element identified by `locator`.</doc>
<msg timestamp="20240516 16:42:34.050" level="INFO">Clicking element 'xpath=/hierarchy/android.widget.FrameLayout/android.widget.LinearLayout/android.widget.FrameLayout/android.widget.FrameLayout/android.view.ViewGroup/android.view.ViewGroup/android.view.ViewGroup/android.view.ViewGroup/android.view.ViewGroup/android.view.ViewGroup/android.view.ViewGroup/android.view.ViewGroup[1]/android.view.ViewGroup/android.view.ViewGroup/android.view.ViewGroup/android.widget.TextView'.</msg>
<msg timestamp="20240516 16:42:34.160" level="INFO">xpath criteria: /hierarchy/android.widget.FrameLayout/android.widget.LinearLayout/android.widget.FrameLayout/android.widget.FrameLayout/android.view.ViewGroup/android.view.ViewGroup/android.view.ViewGroup/android.view.ViewGroup/android.view.ViewGroup/android.view.ViewGroup/android.view.ViewGroup/android.view.ViewGroup[1]/android.view.ViewGroup/android.view.ViewGroup/android.view.ViewGroup/android.widget.TextView</msg>
<status status="PASS" starttime="20240516 16:42:34.048" endtime="20240516 16:42:34.160"/>
</kw>
<kw name="Input Text" library="AppiumLibrary">
<arg>xpath=${contraseña_xpath}</arg>
<arg>${usuario}</arg>
<doc>Types the given `text` into text field identified by `locator`.</doc>
<msg timestamp="20240516 16:42:34.162" level="INFO">Typing text '""' into text field 'xpath=/hierarchy/android.widget.FrameLayout/android.widget.LinearLayout/android.widget.FrameLayout/android.widget.LinearLayout/android.widget.FrameLayout/android.widget.FrameLayout/android.view.ViewGroup/android.view.ViewGroup/android.view.ViewGroup/android.view.ViewGroup/android.view.ViewGroup/android.view.ViewGroup/android.view.ViewGroup/android.view.ViewGroup/android.view.ViewGroup/android.view.ViewGroup/android.view.ViewGroup/android.view.ViewGroup/android.view.ViewGroup/android.view.ViewGroup/android.view.ViewGroup/android.view.ViewGroup/android.view.ViewGroup/android.view.ViewGroup/android.view.ViewGroup/android.widget.ScrollView/android.view.ViewGroup/android.view.ViewGroup[2]/android.view.ViewGroup/android.view.ViewGroup/android.view.ViewGroup/android.widget.EditText'</msg>
<kw name="Capture Page Screenshot" library="AppiumLibrary">
<doc>Takes a screenshot of the current page and embeds it into the log.</doc>
<msg timestamp="20240516 16:42:35.425" level="INFO" html="true">&lt;/td&gt;&lt;/tr&gt;&lt;tr&gt;&lt;td colspan="3"&gt;&lt;img src="data:image/png;base64, iVBORw0KGgoAAAANSUhEUgAABaAAAAwwCAYAAAAgXrdYAAAAAXNSR0IArs4c6QAAAARzQklUCAgI
CHwIZIgAACAASURBVHic7N15kKRnfSf435uZdVf1UX1ILakloVtCQggkLoFASIAAYxtf2LvG9szE
xM5sxOzOzG7MnrGxsTE7sbHjmZ3D62O8vmZsM9gGbEAgBAiBQYhT6Ea3hM7uVh9VXXdl5rt/vCqp
rq6uzHzfPKo+n4iK7sqq93l+lZVVWfl9n/f3JC89l6YBAAAAAAA5K3W6AAAAAAAAtiYBNAAAAAAA
hRBAAwAAAABQCAE0AAAAAACFEEADAAAAAFAIATQAAAAAAIUQQAMAAAAAUAgBNAAAAAAAhRBAAwAA
AABQCAE0AAAAAACFEEADAAAAAFAIATQAAAAAAIUQQAMAAAAAUAgBNAAAAAAAhRBAAwAAAABQCAE0
AAAAAACFEEADAAAAAFAIATQAAAAAAIUQQAMAAAAAUAgBNAAAAAAAhRBAAwAAAABQCAE0AAAAAACF
EEADAAAAAFAIATQAAAAAAIUQQAMAAAAAUAgBNAAAAAAAhRBAAwAAAABQCAE0AAAAAACFEEADAAAA
AFAIATQAAAAAAIUQQAMAAAAAUAgBNAAAAAAAhRBAAwAAAABQCAE0AAAAAACFEEADAAAAAFAIATQA
AAAAAIUQQAMAAAAAUAgBNAAAAAAAhRBAAwAAAABQCAE0AAAAAACFEEADAAAAAFCISqcLAOg2pXLE
wGDE4FBEpS+itMGpulotoroQMTsbsTgfUa+3r04AAACAbieABogsZN6xK6J/MCJJNn9cuRxRHooY
GMrer9cjZqcjpiaLqRMAAACglwiggW2tXInYs7+x0HkjpVLEyFj2Vq1GHDsckab5jA0AAADQa5KX
nhONANtPqZQFz6Vy8XMder74OQAAALa7Ujm7SrVUyt6SUrbYKE0j0np2xWq9nrVSrNc6XW33KZez
+6bTRsY2/7lzM91RMxuzAhrYdkZ3NPaE1qr+gYiF+fbN10mVvizYz8PiQsTE8YhaNZ/xAACAraNU
zl5rDQxEVPqz8LSRK1vT9LU9febns9ds2zmUHh7JrhA+OdHpSrLX7Ju1uCCA7gUCaGDbSJKIPWdk
f5i0047dES+/1N45O6GvL2I8p/A5IqKvP2LvGRFzsxETx/IbFwAA6D1Jkr1GGBjMgudKX+vjVSrZ
2+Bwdlt1MQui5+eyYHO79AwYHokY2xUxM9XpStiqBNDAtpAkEfsO5NfruRGrA+/deyOOv9z+OorU
1x8xvq+YsQeHImb6sz8AAQCA7adcyULSoZFiX9NV+rK3oZFsc/mZ6a1/ReZS+AxFKnW6AICiVfoi
9p/VmfB5SV//yvc7FYYXocjweUnR4wMAAN2nVIoY25m1+Rsebd9rqCTJ5tuzP5u/tEXTM+Ez7WIF
NLClJUl+PYlbMTj02greWjW7ZGzvmRFHXuxsXa2q9AmHAQCAfCVJtm9PO0PnU9UxPJqtiJ4+mbWo
2CptOTodPo/tjBgazjaKbMXuvWtvq9WyFezTJ1sbm/wIoNlSlp6YinhCqPRll/2UStn49VrWH6pe
z3+ublcqZffH0q7CSzsKLy5216YNS203usHyFdBLj5lSKetJffRQZ2pq1ak2HDz0/Mr3zzg7+3e9
Xs5LH1t9TDtWVQMAAN2nry/bR6fVHs95SpJsY7zBoYjJ49lr317WDeHz8Ghx45fL2fcrSSKmJoub
h80TQLMlDAxmmwYMDETMzuS3a2tff/ZLsb8/22F3tTTNQuj5ue48EzoyGjG06pf6wlzE5InGxyqV
XrkvXtns4VRnoavVbI6Zqc7vRLvnjO5pc7G8D/Tyx0mlEjG6M2KqC3YabsSpwmcAAIBmLIW8RQaT
raq8svH6zFQWbHZbBrAZnQ6fI7KVz+0wOCyA7hYCaHpWuZJdBjM4mP0/T0mS/UIeHNo4wFzahbev
P/sFenIiC6O7QaWSXbK0+nKWZnpXDY9mY23m2EolorLsEqVOXfIyunPt5n+dtPz7sPp+HBmNmJvO
wvteIHwGAADyVCpF7BzPFjz1guHR7HXRxLHeuiq6G8LniNbbbmxWN2UC250Amp6SJNkZrMGh4p6Y
SqWIXXvWbhp3OuVK9oQ5NZHtlNtpY7vy+aXe7KUxS2evK5WIieOt19GIUikLdbvJ8hMZ650wGd8f
cfiF9tXTrL5XzvgDAADkoa8/ey3da2Fh/0D22ujE0ezK6G7XLeEz25MAmp7QP5CtMO4fLH732Z3j
64fPiwvZW62WhYmVytp6kiQLbGv1iPnZYuvcyNBIPgH90qYPq9Vr2X1RrWaXHCVJdva3v39t6D04
nN1n7bzspVtX5yZJdn+t94fV0iYb3bxJgvAZAADIU19/tolct7RObFS5nO1dc/zl1zad70bCZzpN
AE1XGxnLAsxKmx6pSz2Ol6vXI06eyDZQW61Ueq1Vx6uSiLEdWR/kTvSDWmq236q+/uz+XyGNmJ7K
QtL1vrZyObs/BgZX3j48GjE3054WE+XK+v26u8mpWsaM7ujeALpSET4DAAD56R/Irj7u1fB5SZJk
IfqJoxEL852uZi3hM92gTV1XoDnDoxuHz3mfYRweWfl+mmY9ndYLnyOycHri2NrVzkv9qTthbGc+
q8RHxtb+ITA5sfFGC7Xa+k+6SdK+jSS6dfVzxGv320Z/X+Vx8iBvlUq2oSMAAEBe1nvN2auWrmjt
NsJnuoUV0PScajXb6G9p07Yzzs5n3IF1NjOcm9ncGcyTE1k7juVPnoND2c647TQ4FDGwbDV2Wo9I
o/FAulJZu4p5fi5idpO9rSdPZEHw8vujHZtJlEqb+wOmVs2+rwvz2WOoXsvup3IpWz291IKlVMrq
Llda/8MofWVjinIlNkygR8a6a5de4TMAAFCEiWPZVZa91vt5PbVa9vV0k5Gx7lzgxPYkgKYn1GsR
8/ObD4Sb0T+49rbNBsi1WrYKenD4tdsqfVmA2a4dcUuliNGdK2+bmV5Z02YtD7FfHauBMH0p4F0e
Yr8avBbYlmTHqc7sphFzc1mwW1vWBqRczlZmDw2v7V196IVYUWuplD2BD400F0YvPQ6GNvH96Ovv
nv5hzYTPpzrzX6mc+mOrb+/2NioAAEBr6vXsCtrxfb29EjpNs6+jXa/9N2N0R3euyGb7EkDT1Rbm
XgmeZ6PQ4DIi22BtuepiYz2LF+ZXhr1Jkq2ePVX7jhVyCGZHd648c1xdzALXZgLo1fdFvd548F9d
XLuKulIutg/06pMI9Vq2Gnt+7rXbkiR7Mj5tkLzq+1GvZyvdT05kAfGOXdlJhs1a+ro305pldEe2
iUWvOtVZ9kpfxOgp7jNn5gEAYPupLkZMHo/YOd7pSpo3eTz7OrqF8JluJICmq00cb99cq9tvNBqU
zq8T0Fb6ImKDAHpsV8TQUEQkrzzxnmjuiWtgcOXK2jTNgtJmrV4NXKs1Pka7z/6WyysD5WOHIxZX
3Ze7926uFcjpNgJcXIg4ejh7zKxuNXIqC3PZ522mHcpSCxAAAICtbm42onKyN0PT6ZObXHTWJsJn
upUAGiILBVcHg7UGA+h6LQtdl4+zUS+roeGVmx729WcbCDa68jVJ1rbemG2xVcn87MoWEM0E0OsF
rc2Ms1lLq63nZtaeuGi099XczOY+r1aNOPxCtqr5lO0/XjE7G7Fj9+bGXQqqu+kSLgAAgKJMTWYL
fAbXaQfZreZmu2v/HuEz3UwADbF29XNEc+Hf6gB69Uri5dZb5dpIS4clozuy3rpLatWIqRZWP0dk
vaNbtfprqVazldlFGRiKePnQyhMHSSli7xmNb8LYaFA+O52F1vsOrL8aOk0jIm3sj6m+/pWtQwAA
ALayyePZa9tmXhe321LrkG4hfKbbNRjLwNa0XkCZNrP6dFXAulHwuV7I2Wjo3d+/tqfwyclig97N
SEprA/bFgjaPXHL85ZXhc19/xP4DjYfPkTZ3/6Vpthp6vc0DF+YiRhrscbzeppgAAABbVTdu5ree
pc0TO/26e4nwmV4ggIbYYNVqg9Ycs0Fv4JnplWFlWo+YbuTynSTrIb289rnZrH1Gp42Mrg1+ZzfZ
1iIPwyPZTsrNaLVNyLEja3uATU5k90kjVm8ECQAAsNXValm4u3pxV9d4JSQvsr1kI4TP9AotOCBi
3aA4j+e7jfamS+sRx17ONsUrJVkY3ciT2OjYykuT6rXWNh7MS6Wysrd1xNqe0kUaHsmC+WblcbZ9
4lhEsifrS12vRYzvbXyMjfqHAwAAbFWLC9kintPts9MJkxPte217OsJneokV0NBJadaeYW62sfC5
0hcxvGpF7dTJLOzstLHdK3tfp/X2bcwwONxa+ByR3+VeS2fFZ6bX7zF+Ohv1DwcAANjKZqezt27S
TTUJn+k1Ig7oQTtWtd5YmOuOJ8KxnVlf6uWmTmYbEBatXI7YuTuHgXK81OvooewPAwAAABozeaJ7
VhsvLmT1dAPhM71IAA09Znh05QZ/ab07Wm8MjaxdlT0/FzEz1Z7595yRzzh5rTxOkoh9B/IZCwAA
YDs6cXTlZvOdUKu+0pe6Cwif6VUCaOgh5craJ5vpqfasMN7IwGC2+nm5Wi3iZBvPEK+3kWSnxkmS
iL1ntjZWt+/8DAAAULR6PeL40Yi0Q5sSpmk2fze8PhM+08sE0NBDxnZGlJb91C4uREyf7Fw9Edlq
7B27V4ataT3biK9bdgZuRKub/y2Fz6UWf7t2+iw/AABAN+jkCuRuWIEdIXym9wmgoUcMjWQrjZek
aedbb1QqETvH14atndgZOK8z0qUWAuhSKWu70Wr4HNE9vc4AAAA6bWG+fZvbL5mazObtNOEzW4EA
GiLW3Xguj44OeV0lVCqv3cxudrqzIWWpHLFzz9oVw1OTEXMz7a8nz/uimdYZA4NZ+JxXK5D5uXzG
AQAA2AqmT0bMzbZnrrnZzl9tHCF8ZusQQEOs30+qmSBxzTE5JdCrW29Uq+0/+7tckkTsGs9WQC83
PdW5J+k8/xBZ/XWdzp4zInbtyW/+iIjqYr7jAQAA9LrJ48W/VqouZvN0mvCZraTBmAW2pvXaNyTN
nJ5ZFUDn0RZicCh7WzFNErF77+aOX90Oom8gYnzfytvmZiNmpjZf087xrPfzcrPTEVMdbAmykOOK
4ZEdp+8xliTZHwNF/EFQr3dukw0AAIBulabZa7Xd+1rfv2c9tVo2fqdfj43tihge6WwNkCcBNES2
oni1Zp7MyqvC3jwC6OHRdeYpN/9kWypFlFaFx420r9ixe2Uv6oiI+dmIyRPN1ZOXej17y6P/8uqv
b7lSKWJ0Z8TQcOvznEqeYToAAMBWshQSj+/LrwVixGvhdq2W35jNED6zFQmgISLSdcLLRgPecnnt
qul6Hk9cOT6htmp0x9rgdWE+4kQXXJ4UkfWeXi+wb0ap9NoJhFI5+7pHRptcGd+gTm8uCQAA0M2W
2mTsHM9vzHa09zgd4TNblQAaXlGrrlwZXOlr7Pj+gbW3Lebw5LUUjjdr9YrgNF17OdFmLi8aHl3b
bmJxIeLEschvt8UWnZzML4BeOpteKuCyro2kaT4r5wEAALayudmIysl82iK2c4PDUxE+s5UJoOEV
iwsr+xqXK1kIvdkzoKsD6DSNWJxvva7jL7d2/N4zV67mXph7JTRuwOBwtvp5uepiNk7aTWFpml0u
lUcvsHIlW93d3+YAutXvNwAAwHYxNRnR1xfRv0EbxdNZmMvG6SThM1tdGy4mh94wv07f3ZFNrqYt
ldf2Da4ubo2VrP2DETt2reytVatl4XMuLUZydvRwfmO1ezPANG2sHzcAAMB2d+JYdkVzM2rVxhdo
5U34zHYggIZXLMyv3YxwYGj91hqrje1Y2xu4oct3uqjP83J9/RE7d68Mn+uvbPjQ7BN80dJ6fiHu
4FDEy4faF0KfONqeeQAAALaKNI04frTx123NHpcn4TPbhQAalpmdXvl+kmQB7OrVzcuN7cxaVCxX
q60da91jd0XsP5C9je9rvO90kcqVbEOH5T2k6/WIiWOd35jhdPJsY7F7T8SxI/mNdyq1anYSBAAA
gMbUqq8s6NlsmJx2fmGV8JntRA9oWGZmKlv1urwXdKkcsWs8Yn4+6w1Vq2XBdKUvC6bXC42nJ09/
FnVoeOWTTV9/FmZ3Qw/gJMm+5tW9lOv1iJEdEa08R1YXI05OtFTeaaWv/DGxa0/rY1X6IiqVrLXH
nv2tj3cqebYOAQAA2G4W5iMmJ7IWkqczOdHZBUDCZ7YbATSsMnEsCy5XBMtJFjZvtBJ6yfTJiNmZ
03/e8pB7SbesgC6X16+lUomWf2skbWo3Mj+XnTBoZTOKJTvHIw6/GHHkpYh9Z7Y+3monOnzZFwAA
wFYwO51tSji0Qbg7O725K5aLInxmO9KCA1ap1bJVyOttSriRtJ6t7N3s7rm1dTbw2wqbFnaT40fz
u0/3nZn1vz78wvrfu2bNTjf+WAMAAGB9kydOvS/Q4kL28U4RPrNdCaBhHfV6tir1xLHsCWqj1an1
esTcTNZCYWZq83PMTK98UkzrWesO8nXkxXxWFydJxL4D2Vgvv5RPG5GF+c7+8QMAALAVnTi6duFQ
rdbZjd+Fz2xnyUvPufAbTqdUjhgYyP4tlbJ9DdJaRLXa4urVJKJ/IKKUZGF0nitrec1SeJxH+496
LWvFsTTurj3Z97BRC/Pd0e/7dM44u9MVZNI0W30OAACwGZW+iPF92eu2NM02l68udqaWXgmfZ6aK
37Mpor2vMw893765ODUBNLBt7D1z7caKzajXs1XQS789Gw2iZ6ezlc9JEhFJRKTZWEt/GHWTsZ0R
w6OdriILn7vtvgEAALrb4FC2p8/EsYi52c7U0Cvhc0T7Aujde5tbyNWo+bnOrnrnNQJoYFvZsWvj
DSk2K02zFczL26gkScTAUMTI6Kk3lDxxLGL+lT98+geyt77+LJQe2RFx9FDrteWt0yH0sSOn7uEG
AACwkb7+zr2eqFQiBoc7M3czFhfas0dRpS9ifG9EUmBj4LQecezlzq16ZyUBNLDtLL8Uq1VzMxET
x9feniRZu5a+gYihoYhyJQtSl2+KWCplgfXAYPZEPzSSrazuRkmS3W953GebVa/7YwEAAGArKpez
BVnlSv5j16oRc3NZCE13EEAD21ZeK3vTNLukqx1nigEAAAB6iQAa2PZ27I4YyuGyqDTN+kstzLc+
FgAAAMBWUMBCd4DeMnk8e+sfiBgZy3qENdNqIk2zILtWjajV8q8TAAAAoNcIoAFesTD/2urlUjkL
ogcGst7H5UoWSidJFjTX61nQvLgQsTAXsVjVXwoAAABgNQE0wDrqtYj52ewNAAAAgOaUOl0AAAAA
AABbkwAaAAAAAIBCCKABAAAAACiEABoAAAAAgEIIoAEAAAAAKIQAGgAAAACAQgigAQAAAAAohAAa
AAAAAIBCCKABAAAAACiEABoAAAAAgEIIoAEAAAAAKIQAGgAAAACAQgigAQAAAAAohAAaAAAAAIBC
CKABAAAAACiEABoAAAAAgEIIoAEAAAAAKIQAGgAAAACAQgigAQAAAAAohAAaAAAAAIBCCKABAAAA
ACiEABoAAAAAgEIIoAEAAAAAKIQAGgAAAACAQgigAQAAAAAohAAaAAAAAIBCCKABAAAAACiEABoA
AAAAgEIIoAEAAAAAKIQAGgAAAACAQgigAQAAAAAohAAaAAAAAIBCCKABAAAAACiEABoAAAAAgEII
oAEAAAAAKIQAGgAAAACAQgigAQAAAAAohAAaAAAAAIBCCKABAAAAACiEABoAAAAAgEIIoAEAAAAA
KIQAGgAAAACAQgigAQAAAAAohAAaAAAAAIBCCKABAAAAACiEABoAAAAAgEIIoAEAAAAAKIQAGgAA
AACAQgigAQAAAAAohAAaAAAAAIBCCKABAAAAACiEABoAAAAAgEIIoAEAAAAAKIQAGgAAAACAQgig
AQAAAAAohAAaAAAAAIBCCKABAAAAACiEABoAAAAAgEIIoAEAAAAAKIQAGgAAAACAQgigAQAAAAAo
hAAaAAAAAIBCCKABAAAAACiEABoAAAAAgEIIoAEAAAAAKIQAGgAAAACAQgigAQAAAAAohAAaAAAA
AIBCCKABAAAAACiEABoAAAAAgEIIoAEAAAAAKIQAGgAAAACAQgigAQAAAAAohAAaAAAAAIBCCKAB
AAAAACiEABoAAAAAgEIIoAEAAAAAKIQAGgAAAACAQgigAQAAAAAohAAaAAAAAIBCCKABAAAAACiE
ABoAAAAAgEIIoAEAAAAAKIQAGgAAAACAQgigAQAAAAAohAAaAAAAAIBCCKABAAAAACiEABoAAAAA
gEIIoAEAAAAAKIQAGgAAAACAQgigAQAAAAAohAAaAAAAAIBCCKABAAAAACiEABoAAAAAgEIIoAEA
AAAAKIQAGgAAAACAQgigAQAAAAAohAAaAAAAAIBCCKABAAAAACiEABoAAAAAgEIIoAEAAAAAKIQA
GgAAAACAQgigAQAAAAAohAAaAAAAAIBCCKABAAAAACiEABoAAAAAgEIIoAEAAAAAKIQAGgAAAACA
QgigAQAAAAAohAAaAAAAAIBCVDpdAAAA0Ltm5p+Ju+76QaSrbn/1/SRd+f460mTtbfWISJZ9vJHj
1/vcNJYNuM7n1CMiSV772LrzLfv4Kedbp9Y176+qt76qtuXHJa+8Lb8/aq/cp0m69r5JVo1/6u/L
+h+PTX586fal+ZfXkrxSeH2dr2nFGKf5vm30/oaPidN+D9JXHw+bfVytnvtUNW40xnqfny67n5N4
7bG3dFgj9+G6X/Ppvo+ne0yve18uu+U09+Hq+tf92TzV/bxsjvVs9D3+zfN/aYOqAGg3ATQAANC0
eppGtVrdIAxKTx8INhHarv5Yo8c3GtZt9PFGvpb1vo6Ga03SU35s9fGNBtCbDajXCy5b/Z5u9PH1
xtrwMfFKDesf/1qEetrvR4vfz0a+xtN9vKnvdQ4B9OqPbxRAt/Jzt3aeU39sMx8HoHtowQEAAAAA
QCEE0AAAAAAAFEIADQAAAABAIQTQAAAAAAAUQgANAAAAAEAhBNAAAAAAABRCAA0AAAAAQCEE0AAA
AAAAFEIADQAAAABAIQTQAAAAAAAUQgANAAAAAEAhBNAAAAAAABRCAA0AAAAAQCEE0AAAAAAAFEIA
DQAAAABAIQTQAAAAAAAUQgANAAAAAEAhBNAAAAAAABSi0ukCAFhp3x98YcX76XqflKz8+MK5++Pk
zdcWWVahxu78btR/8vLpPzFZ996IiIjFX7oxFgaGG5p34E9vXXNbmix/Z8U/ERFR2jsa87e8u6F5
utLXvhmLRyZefXe9e3bFba/cLwO/+OFCypm76/tRffHQyvmTlZ+zusakUo6xn76lkHq6wQufe+Xx
+er98No9sPq+WLqv+kcGY/97bi6knie/8PlV9az1al2vfM6F778pojRUSD2d9PBdt8f83Py6H6uv
c/9cdOXFsWPfZbnW8OC9d8bUiZOvvr/uz/A6tbz9ho/kWgcAAJyOABqg20zOrXg3iXWChdWhwsxi
gQUVa8ed34nqA89v6nPTUwXQv3Fzw+FzRER96b5eFeivmXfZ/5Ohvobn6Ua1mfmonXztsbaZADqN
iIGi6plbiOrJ2ZXznyaALvVt7T9jFqey+yNtIIBOkg3S4RYtTC/7/iSnqGP5O0nEY7d/JS6+ZesF
nvMzczE3O7fux9YLoKuL+f+Onp+dj9mZ174nmw2ge8WZ+/dFUlr5BZzu6zn1Kcq1Y6SRfa9Kafb/
dOn/SUR9o/FPUcOp5l5M6zE7MxuzCwsxX8DjoBect29/nOqOa+QxutFj/ImXD63z0fxdMn7GKWs4
laXHV7WUPcZK9YjFcvb/8iv/T9KIShqxWHrt/09MHo35WrWYLyQnl+/O7o+NfvZa+bld/jN3/+Sh
zf2QA9CVtvYrNwC62q5vfT8WNhk+n0ryazfFzMjOnCoC8rQwPRcvPfCDOPPKN3e6lFyV+8oRs6f/
PJp3zRXXR6Vc1CmvzqsM1OPZiWfiwcefionZyZiZX39Ffa8bGRiMnzr/vYXP869f/s+FzxERUU0i
fumc4r+eiIgX9r4Yv//YnW2ZqxlX7D4zfmN/e+6Le6efjgcmDsmfAXqYABqAjtj51btj8aEXNryc
/3TqH7855seEz9DNjj7yZOy//Ooolf3ZCUuq86U4MPi6OHDl67IbSrVYTCfjyz/6dhw9eXLjg3vI
2y96fVvmef8lV8btjz5Q+DxPHj0Uh/cdj/0Duwuf66yBA3Hhrn3x+MSRwudqVJIk8Rtn3RDRhgXa
g2O1+MMn7ip+IgAKZRNCANpu/L4Hov7QC60N8us3x/wO4TP0gof/+jOdLgG6W70cfenu+NDVH4qP
v/Nj8Y5L3hz9fb3f8unS4YvbM8/IpW2ZJyLiD398W9vm+tg5N7RtrkZ8/MJrI6ptOKmYRPwvD3+u
+HkAKJwAGoC2Gn/44Vj8+qMtjZH8+k0xOyp8hl5y4vF7Ol0C9IyL9l0Uv/yWn4uPvPWGqJTLnS6n
KQd37WnbXH1JX+wcanwviGZ98idfacs8fdEfP3P5m9oy12bt7B+MK8vtObHwzbl74+X5mbbMBUCx
BNAAtM2u790bi195uKUx6h+/OWZGd+VUEdAuL9z7eFTSrdNaANphd+VA/Or1Px/vvKI9rSzy9Maz
rmjrfO889/K2zfXk8SMxWXm5LXNdU7o0xgYG2zLXZvyzyz7QlnmO1SfjL559sC1zAVA8ATQAbTH+
wINRu/uJlsZIfv0mbTegR6UR8eDnv/rK/4DNqteSuHD3lfHxd30kBgb6O13OpiQRcXDk7LbOeelI
e1blLvntH3w5akkbmiBHxK9dcGNb5jmd6/YdjMp8e1aa/99P39bKNiEAdBkBNACFG3/ooVj82iMt
jVH/6bdZ+Qw9rrqwGM997xudLgN6Uqk+HL987UdjeHio06Wc1jn79nVk3oM7it8ccEkaEf/pqjr2
dwAAIABJREFUma+2Za59pV3x5v0H2zLXqZSSJD62//q2zPUnR74Wc/X2hPsAtIcAGoBC7X7s0Vj8
6o9bGqP20etj7tyzcqoI6KSJnxyOhZPtuXQdtqJfetNPx+vPf12ny9jQ+1/3to7Me91Zb2jrfC8e
PxaPLTzTlrk+vO8dUUo6tyb4H11+Q9Sqxc+/MDQZ90y8WPg8ALSXABqAwux54emo3vZAS2OkH3lr
zJ99Rk4VAd3g8a98vdMlQM9K04jrznprXHHwok6Xsq6+cjkGYqQjc58/fKDtTX4+9ci3I23DrKUo
xd99wzsLn2c954zsjLNqxS8ESEu1+Gf3f77weQBoPwE0AIXY8/xTsfCpH7Y0Rv1n3h6z57W3hyRQ
vLRej6e/9ZVOlwE97S0Hr43Lzju/02WscdbeAx2df3y4veF3PU3j3zz06bbMdbB6TuwfHmvLXMv9
txe9ry3z/P4Ld7RlHgDaTwANQO52P/ZYLHz6npbGqH30+pg72NkXsUBxpl86HjF/pNNlQE972zlv
izN3j3e6jFclEfFTF769ozX86hU3t33O2epCPDLf2kbLm/X3XteeMHjJLWdfGrW5vsLn+fHik/HQ
lOcEgK1KAA1Arva88ExUb7u/pTHSn9J2A7aD+2+9M0pJrdNlQO9KIz54+fujUi53upKIiBjo64u0
2tla+tOhqJTaX8OnHvlupOXiN84bjIH4wHmXFz5PRMRAuRLv3XFN4fNUk2r8/jPfic51uAagaAJo
AHIz+NxLsfCpH7Q0Rv2j74jZ87XdgO0giYgnv3Vnp8uAnvehN97Y6RIiIuI9l13Z6RIiTSMu2Xdm
R+b+3R9/oS3zvGP0jVEpFf9S/n+9+gNRrxcfC/8fj/911NvevRuAdhJAA5CLoaefj4FP39XSGLWP
Xh9zZ3fmRSPQGZMvHYvqyec6XUaDKp0uAFbYM7A3RgaHOl1GnDd8YadLiIiIm855S0fmPT47HQ9X
H2nLXP/02mJbcVy+e3/0zewodI6IiLvnHoqT6ULh8wDQWQJoAFo28Pyh6P/sd1oaI/2pt2i7AdvU
Q1/5diRR/KXrsJX9/DU/1dH5S5VylNPuODnTlw5EuQ0rhNfz6Yd/GAuV2cLnGZkej4t27Sts/L9z
8N2Fjb1kMVmITz73o8LnAaDzBNAAtGTw2Rdj8FPfammM2kevj9nzz8mpIqDnpBEPfeHWTlcBPa2c
lGP/zl0dm//vXN8dbUCWvP/Sqzoyb5JG/NZ97fl99qtn31TIuH/3kuuivlD8yYT//cnPhs4bANuD
ABqApg0983wMfObbrY3x0TdZ+QzE4txCTL3waKfLgJ72gavf3rG5++fGOzb3ei4du6Bjc89WF+Pu
iXsLnyeJJH71sutyHXO0byAuLhffSuWL09+P2arWGwDbRXdcIwVAzxmYnIj+v2mt7Ub/B66Mo2ef
n1NFQLcY2jkSs5PTDR/35N33xjW/eFHUatZIUKzJmRNrbltaiJlEA4syk4iBSl+Uy+Xoq/RF1Ms5
VdicSnVnlEulqKb1ts575o7dEWl3/dyWqwNRTpKopZ1ZYvvVZx6KN7/x0uirDxY6zyWli2K4cm/M
5BTm/uNLboqoFbvx4InSifiyE44A24oAGoCGDU+diL4/vqOlMfp//k1x9CzhM2xFleHBuORtr49H
bv9uw8c+8LnPxeUf+pkCqoLXfPm7X1oTMqcRWfoc6wfQG3186f1yqRR9lXLs3LMnbrzk+kg60BP5
nVe+Ie68v719dT90+bVd2Urhl655e3zih61tkNyKf3Xf38T/eOXHCp/nf3vLh+N/uuszLX8Lrt57
VozUduZS00b+z8duK3wOALpLd52mBqDrDU+diL4/bDF8/ug1wmfYwupzC1EZOy+Gdo81fOzi3EKc
/MljBVQFxavV6zG3uBgvvfRSfOIbn4pP3vVX8fChR9paw7k72v/8OpDuafucm3EgPdjR+Wv1enzt
yA8Ln2fhxGC85czzWhojTSI+tv+dOVV0av/hxS9Hrd7eFfoAdJ4AGoBNG5icaDl8rtxyVRw953U5
VQR0s9f/1PubOu6p7/8o+vvmcq4G2q9Wq8U9j/4oPvGNT8ZsdaYtc1YKbvmw2pvO7d7n9CSSOLCj
cxszRkR866VHYq4+X/g8Hx5/R0vH/+PL3hNJwS1knlk4HD+eOlLoHAB0JwE0AJsyPHUiBv/4qy2N
0f8Lb47jF1+cU0VAt5udKcUVH3xbU8fe99nbc64GOqeeRHzm25+LGJpsy3wHDxxoyzwREVfsu6xt
czXj+rOv6HQJ8e9//NkolYvvUfLfv/m9TR03PjgcZ6bFP2b+3TOt/R0JQO8SQANwWsPJfMsrn/t+
+o1x9EBrl4cCvScZPhhD4zsaPm5hdj5efuT7BVQEnZFGxJ/d/sVYqEwUPtf7Ln5L4XMsGSsX3zO4
FecNntvx9tTztWp88fDdhc+zc/aMGB8cbvi4f3RBc1erNOK3X/pSdGWjcADaQgANwIYGq7PR929v
bWmMygevimPnXZBTRUCvueDGD0RSSho+7oUHn4qoTRdQEXTOX36tDRuwLQ4VP0dEvO11+V/VdKKa
f0B/2YGzcx+zUd994ek4kRwrfJ5/ckFjm7i+68yLYqBe7OPlyfSpeOLk0ULnAKC7CaABOKXhZC4G
f6e1F8r9v/DmOH6RthuwnSxWq2tuu/DGtzc11gNf1IqDrSVNIu574QeFz1NKin+p94a91+Q63snB
w/H4ySdzHTMi4trdnW/DkUTE7z7wlbbM9eHzN//13rLrzQVWElFNFuK3Hv92oXMA0P0E0ACsayiZ
j/5/98WItPnLJSvvvFjbDdiG6tXamtsGdp0dY2ftaXis2mI1Xrj3u3mUBV3jvicfL3yO8bGxQscf
GxrOPeT+xPe+Gd9++rFcx4yIOHOg8d89RajWa/GJ579W+DxvG756U80u/rtL3xdJwZHAv3jm1mj8
+hcAthoBNABrDNZmY+Df3BpRbz58Lr/jojh+zVU5VgX0ilOFDRe868amWnEcefKZSGuLrRWVo/Hx
8U6XwBZwKHm20PF3jYwWOv4151yS63hJEjE3vxBprR5Jkn+v4It37c99zGY8fuylOLJwvPB5/vnb
fmrDj589tivGS3sLreG24z+KifnZQucAoDcIoAFYYXS4FoO/3Vrbjb73XR4n3vyGnCoCes2poqNq
NYlrfvF9TY1532f/uvmCcrbQ1+kK2Aru+Faxm9LtHNxV6PhX7L4s1/GOz5949f8/OvpwrmNHRPzs
xe/pmi3wfu/RLxU/yeRYnDN66sfAf3Wwud/FmzW8qxpfOfJQoXMA0DsE0AC8ari/FpXf/HzLK5+P
XXZ5jlUBW8l8dWfsueCspo596b67cq6mOaV6pytgK6jXi30gHdggfGzVGTvyH/vZ+ddWhD94+Onc
x0+rpRjq68993GakaRr/+fmvFj7PPzj3g+vefvNZr49yWils3lI5jf/6+39Z2PgA9B4BNAARETHU
V43+f/k3EYtre7duVuldF1v5DJy23+eZ11yfXW/foENPPB+lWvGXrp9OX61b1lHSy9KIKPWt3bAz
L3t27ixs7OvOujr3Me985MFX/39kajJOfS1F867c3T37Ujx27HDMDB0tfJ5fu+S6Fe+XIokbdxb7
t9qnj93d0mIGALYeATQAWduNf3NrS2OU33+Fns9ARERU19mEcLXLP9RkK44vfC2KCKYaMV+xpRb5
mJmf63QJTTln95m5j5ms+n86NJ37HO8++MZIu6YRR8T/870vRy0ptr/9JeWLVrz/P1z2kULne652
OL556KlC5wCg9wigAba5ob5q9P3Lz0e6icDoVJJ3XBTHLsu3FyTQu9JNXElRGtwZe89tvBVHrVqL
J7/5lWbKyo34mbxs5mRNs8q1HYWMu2N4JNJ6vj8FT808vSYW/sQ9X891joiIpF6OoXL3NHGvp2n8
x2eKb8Xxf133cxERcfGufTGajBQ61+88fWeh4wPQmwTQANtZmsbAb362pfC59O5L4sS12m4AjTvz
2uujXCk3fNzJIydi6vALBVS0Of3V7llBCe32K1flv4L2gRcfX3PboemTuc8TEfEzV765kHGb9ezk
8bhnau3Xn6fq1EBctf+c+I0DNxc6z7985rMxXyuurQwAvUsADbCN7f79z7d0fPl9l8fxq6/MqRpg
O3r9h5oLRJ68q3MbEi5owUEPSPumch+zv9T4CaPN+MmJY2tuK6cRJ6sncp/rYP/B3Mds1eef+X7h
c/zynncVOv4z8Vwcns//MQfA1iCABtiGkno9xn/3s5HONt93MHnDOXHs8stzrArYlio74uyrLmz4
sDRN46kOt+KAVvX3FdcOol6v5z7mRWeck/uYtbQe9XT9Wh+bfjr3+aJaiaFKf/7jtiBN0/hXj366
02U0LS1X47ce/UanywCgiwmgAbahnb/111Gfb/4SydLV58SJ97wlx4qA7WzPxW+KykDjQdzkkeNR
iSMFVLQxLTjIy8jgYGFjH52YyH3MGy+/Jvcx7z32o1N+7BuP/zj3+SIi/v7b31vIuK2YXpiPZ5Nn
Ol1GU/71M7d1ugQAupwAGmCb2fMfPh+tbABfuuZgHH+38BnI1xUfvKWpzf1+8Jk7I4mF3OvZiBYc
5CGJiMX54l6OvTQ9met45XI5qtP5B+bfeurR3Mc8nf6p3a38KVSYP7r/rqj3zXe6jIY8XHs0XprJ
97EGwNYjgAbYJpK0Hnt+57MRMy0ENVecFcffdV1+RQFbWIPxTmkwzr22uZ7yj/7tnU0d16xuDK7o
RcWeyDh2Mt/+yddfUsCGw0k9kg1+oJKIuP/YQ/nPGxGX7D2zkHFb9bsP397pEjZtsTIbf/hE8f2r
Aeh9AmiAbWL8//1sRCttN954MCZufluOFQGstPO85vrKnzw6EcefejDnak5tQAsOcnD9GwsIdJeZ
ms93Veplu1+X63gREU9PvBjpaXL4ew8/lfu8ERE3nN2dmygfmZuKh6Yf7nQZm/LPH7m14NMoAGwV
AmiAbWDPn9wWUW1+M6LSGw/G8RusfAYKlkZc9bMfberQp+57KNJ68xurNmJwx0hb5mFrO3/0skLH
Pzp1MrexyuVyJLX8N+57bOKJ037O0emTkSb5b6g4XtqX+5h5+YunfhTTMd3pMjb0meN3x2y1ve2P
AOhdAmiALSxJ67Hn9z4XcXympXHqD72YU0WQpzTK6WLXvJXSxShFPm/ldPu+qE9KlTj32qsaPzCN
eODWz+Vf0Dr6hovbOI7t4aw9ewqfo1rPL7T92FvemdtYy/340Aub+rzZWmt/x5zKmw/mv6o7D0lE
/O6jX+p0Gac0lU7Ftw8/2ekyAOghlU4XAEBxxn/38y213XjVQjV2//D+OP6mJkIhKEh9sRaH/tPf
bO5zN3GN8GY+JyJevVx8oyYMabL+x9e7bbPzbie7zr0sDj/6ZMxNNrYCcLFWi6kXHo7Rs5pr5QHt
UEojbrnuhliYKnCS4RO5tkYYqx/IcbTM0I7N/31y6xPfil+8+AO513DNrtfH958rpsVHq6YW5uPL
x78b79vdfRs///PH2nOyD4CtwwpogC1qz5/clk/4/Ir0bx+L/uPHcxsP2OJabJN88Xtuauq4R7/7
QFTK861NDgV602VvjIWp/NtZLPep734rt7HOHd+b21jL3fHo/Zv+3Bcmi/n7Y3dlLPrL3bsm667n
n4j+kfa0Ftqsvzz2zain+uAD0BgBNMAWk0Qau/74iy233VgtTSKG/vzrUWo1VQLYhKQyEFd+sLnL
/u+59bZoOQGHAhw8Y39ctu/Swuc5OZFf/+drzr0it7GWe/LY8w19/lTku6nikjeecV4h4+blf/7u
X0Uk3fH77OXK4fj+kWc7XQYAPUgADbDF7PrT26N8YraYwWv12PGntxczNsAqpaEDMbpnZ8PHLc4t
xJHH7i2gImjeu668Nm645MbC5zk+fyzqOb3KS5OIMwfOymewFePW4/h0Yz1IHjv+dO51RES890D3
b7J8+7Hvd7qESEv1+NcP3dHpMgDoUQJogC1k/C/viNLLxe6anh6bjtEfP17oHABLLn/fzU0d9+yD
j0VUi1kxCY3Yv3dPfPy9Pxvn7r6wLfPd+/zmW1uczpVnF7M6eD4ab4D9nZ88VkAlEfVaEjuGhgsZ
Oy93vfB4HKmf6GgNv/OT26Km9QYATRJAA2wBSaSx6w9ujeT59rw4Kd9+X5QWu6snIbA1LcyX4g0f
uL6pY++9/as5VwObMzQwEJdeeFH8F+/6WNx8+c1RXxxoy7ylUhpPv/hSbuO9Yf+VuY213FefaHxF
71y1uL87rttTfFuUVv3+I7d3rLHQj6afiGemJzo0OwBbQffuuADApvU/9VK0e1HK2B9+Mab+4Uei
Vk/aOzGw7STDZ8XYvl1x8khjJ9lqC9V4+p5vxPnX3FBQZfSqKy/KViNXk4hSmq3KqSYRSUSU0+z/
p3xaXedp74zd41Gpj8fwwEAM9A1EpJ1Z5/ODZ++LNKd+wZVyOcb6xnIZa7Wnjh5u6rhHJx6JS3bm
Hxa/ad8l8dXn7sl93Dwt1GvxFy/cER87671tn/s/P/e9ts8JwNYigAbYAjpyReR8NUZvuysm3t/c
ykRga0sjjWS9pK5JF7zzffHA5z4dtWqtoeOOPXMozn/DRES58V7SbF2XnnNtcYN3rEtBGvc/+0hu
o1124Nzcxlpuodz8Jsl3v/hYIQF0kpZibGAwTs7P5T52nh46fihePvtw7E33t23Of/HUZ8KmrgC0
SgsOgO3snN0RpRYioh8fiqHnXsizImCrKCCvuPTGdzZ13A8+f3skOa0KhW714Ev3RK1ez228d5z9
1tzGWu6hF59t+thj01MRpfy+xuV+9ereOKH+7x/4aiSl9vw+u2fhoZhc6O5QHoDeIIAG2KaSc8fj
xM/fGDN//wMt5UT9n/lObjUBbKRvdH/se91ZTR379A++lXM10D3qyXx898lHcxtvbGgot7FWu/dI
a6u0J+dmc6pkpdGFfZEkvdFW7I+fLb6//VxpOj755L2FzwPA9iCABtiGknN2x/GPviciIhYGh6N+
/UXND5amsfMPbo1Sb7xmA3rcwTe/vamQ6OVnX4yFmfZs1Art9sX7v5breFcdKG5TvpMzzbfgiIj4
2xe/m1MlKyWRxJlDvdGq58kTR+JYeqzQOX7nqTsKHR+A7UUADbDN1M/ZHcd//sYVt01e+4ZIhvua
H3R6PsZ+aJUM7Vfqr3TsrbzqbcXH+zZ/zOrblt5YX61Wihv+7s80deXGg1/9alQqrV++3yOLJNkm
Hpl4JI5M5nty5cr9l+U63pKFUuuh6WMvH8qhkvX9yht7ow1HRMS/fehLhY6/mBbT6gSA7cmrG4Bt
JD1v/NWVz6tN/MYtseO3P9f84H/7RAy97mDM7hpvfgxoQKmvErt++Wc7XUZhnvnEX3W6hK514lhf
nHHB2XH4yecbOq5er8cj37wzLnzbe1uaf8e+3S0dD3lZrC/Gtx+8J9eW62P9gzmOttJtj/0ol3Hm
SlMxWB/NZazlKjM7ch8TALACGmDbqB8cj2OnCJ8jIup9fVH9+LtamqP/z77e0vEAm3Xg6ndEqVJu
+LgTh47GwsnGgmvoRrWkGn9296dy3+/zlje+PecRX3NoMp+2ET966clcxlnPtWe/rrCxAWC7EkAD
bAPpObvi+M+fOnxeMjW+L5IL9jY/US2NHX90a/PHA1tHmncsttZlN7+vqePuu+OunCuB9vvzuz9T
yLh7B/YXMu5CfSHmq9VcxrrnpcdyGWc9bz/j9YWNDQDblQAaYItLz90dx35h85ebH//IDRF9zT89
pFPzMfLoE00fD7BZfUNjccblza1WfPhrX8i5GmiPpJTGp+/9XNRqtdzH3jO0I2qLxTQ5fzleyG2s
+cXF3MZabag+Ftq8A0C+BNAAW1j94Hgc+7kbT/+Jq8z82s0tzVv60r0xWp9uaQyAzTjzsmujb6C/
4eOmJ6fj5KGfFFARFKeWVOM/3vVXMTldzHPsz113+qulmnXrPd/PdbwnZ4s72X3DRZcXNjYAbEcC
aIAtarNtN9azMDoa6c9c1dL8pd/7SkvHA2zWtT97S6RNLFl85O7v5F8MFGRkfDH+/JufinqtXtwk
C8OFDb1Yz6f9xpKvP/VgruMt96aRKwobGwC2IwE0wBZU3zXUUNuN9Uycf3EkZ4w1fXxarcXYZ21K
CBRvfn4gLr2uub6tP/7GbTlXA/m77/CD8Tuf+3QUGD3H1ecXt/nekbnDuW+WODE3G2mpmHukP+mP
sYHBQsYGgO1IAA2w1ewdjRN/54O5DDX/GzdFlFrohPjM0Rh4/qVcagF6y2Df8bbON3rWFTEwONDw
cVPHT8bC5NMFVAStm6tOx6e/99dxz2MP5B7grvbGA8Wt+n2igJ+xNE3jZPVk7uMuue7gpYWNDQDb
jQAaYAup7xqKYx9/f6Q5vUqdmSvFzC+/O5IWxuv/9F0xNpz/RklAd6svtP/n/vW3fKSp4+772vei
FPM5VwOt+dz9X4y/+M7nY2qhPY/N/rT5q55O54c/eaqQcb99tLg2HNeNasMBAHkRQANsEfVdg3Hy
792SW/i8ZGHveNSvOqulMUq/9+WcqgHYSBIXXnt1U0fef4e+9XTebHIivvboHfEfv/XJOD452bZ5
b7rqjYWOn+b9x8krHni22I1E94/tKHR8ANguBNAAW8HOoTjxdz4U1VoL7TI2MPnet0WM9Dd9fHpi
Jsa+88McK6JVyWKRnUShc3aec0n0DzXeimNmajoOP3pvARXBxqYXTsajx++PP/3mJ+Ov/vZL8dzh
I22v4dzhCwob+5HpxwobO4mIev9sYeNfv/fKwsYGgO2k0ukCAGjdwp5dua98Xq3+D98f5d/8fFM9
KNOIiO8+Hf2XXhgLu3bmXBnNWHh5MnvlDlvQGz74ofj+pz/T8HHP/PiR2HfRVZGUrNGgOJWR+Xjw
yUfigWefivn5+ainaeH9nTcyNjgUlaT5k8yn88LE4Thnz96IiFy/zsUkjUoa8cihF+Ly3RfmOPJr
Ltl1bkTcVcjYALCdCKAB2JSTC/0x+KE3xcAXml/JPPhnX4vSP/3pmJsX7gDFqdcrccUN18VD3/he
w8f+4Iufjms//AsFVEU3qZWmch9zYiobc2J6OtI0jYnp6aiXZmJyejqOTU/F3Nx8tmK3y07+vfWy
qwod/8azri90/EKlSYyP7YijJ9vXDgUAtiIBNACbNnfR+TEw/kjEsemmjk/r9Rj4s6/F3C/clHNl
7ZNWta6AzZh8/kgMnXdGx+YfHD8/du57LCaOnGjouLRWjxPP3R+7zjl1KFdPx1stjw776ztuXbMa
N4149cqQ9VbqbvTxFe8np/54J1c6n8rrBotrv7EV/Mq5743fevCvO10GAPQ0S9AAaMjUr72/pePr
L07E6BOP51RN+9WONxe+d50uW4EHRbjgHe+NtInH+qM/fDj6KzP5FwRd5sxxJ1NOZ7QyFGVteQCg
JZ5JAWhIrZ7E/K+/u6Uxki/cFwNzwp2OamIZXjNBHnRSkpTjihuau/z/7ltvj+5crwr5edOB13e6
hJ5wwdi+TpcAAD1NAA1Aw+Z27on0ra1t+NP/R1+OUkm40wkjyWxTxyW+XfSgod1nxY69uxs+rjq/
EC88cHcBFUF3SNKIs8bO7nQZPeFjr+/hPtYA0AUE0AA05eRb3xDJYF/zA1RrMXKrneU7YfbZlztd
ArTVZTc013f+uSefjcWZ4zlXA93hvDM616O911SnBzpdAgD0NAE0AE1JI4mF/+bDLY1Rf/xQDBw+
nFNFjevfNdLUcWMnezvArf2kuft8+Ny9OVcC7VGrJXH1+25o6tgf3fHVnKuB7nD9wbd1uoSe8u6z
r+h0CQDQswTQADRtZq4U87e8uaUxyn/xzRiqVHOqqDG1g7uaOm76vmdyrqS90heONHXc0EVn5lwJ
W9nhFzt3cmk9leEzYnRP4z/zab0eT3z3jgIqgs6pVCox1DfU6TJ6ypv2X9zpEgCgZwmgAWjJ3CXn
RXL+npbGqPzhl3OqpjFDF+xv6rjKc729Anr+xHRTx80OtfZ9hk679Pqbo9xXafi4oy+9HJXSiQIq
gs44b5f2G40aqA+HvXgBoDkCaABaNvnTN0T0lZs+vjY5G2Pf+EGOFW3OidHmAujq8alIojd35Ntd
mmz6BXT/3rFca4G2S5K4/N3NteL45t/cHqWklnNB0BkfuPodnS6hJ/3ylW/pdAkA0JME0AC0rB5J
JP/kAy2NUbvvmShNz+ZU0eYkI81vKjQevbka8tCffr25A5MkFss2YaL3DYzsibMvPq/h40ppxKPf
+0YBFUF7DZQrsTDT/Enj7exg+fxOlwAAPUkADUAuTswNRvmmy1oaY/CPvhgD/fWcKjq9eqUvotLc
U+HxP+y9IKqcVqM+u9DUsQODwme2jrOvvK6p446+eCRmJ17MuRpor7decHWnS+hZpSjH/hFXAwFA
owTQAOTm2OuviHS0v6Ux+j55Z07VbE6ya7S5AxeqMZjO5VtMwfqeeCySJjuH7PmYy7XZOur1JN71
Kz/T1LH3/+03I4nObJwKebjkDKt4W/Gec6/qdAkA0HME0ADkauY3PtTS8fXnT8SOex7KqZrTG7rp
yqaPTe74fo6VFG/izubv1xOl3TlWwnYw/dzRTpewodmZ/jjzwnMaPi5N07jvK7cVUBEUL4mIqPV1
uoyedkF/4y18AGC7E0ADkKt6UorkV97e0hjVb/04ynPzOVW0sYk9B5o+dv6xQzHSt5hjNQX6+t1N
Hzp88Zk5FsK20exul210zpVvj0p/42HczOxMAdVA8f7L99zU6RK2hIt27et0CQDQUwTQAORucu+B
qFx1dktjDPx/t0al3GS/iEbnuuyspo+d/5MvR9LlQVvfzHTMP/Z888df94Ycq4Hu8ob5EgqvAAAg
AElEQVSbbu50CdAWSUT0z+/pdBlbwtv3a8MBAI0QQANQiOPveWvLYwzf9u0cKjm92rua35CpPjkb
o4/8OMdq8tVfrsXUnzffLmCgrxKLQzZcYusq9Y/GhW++vNNlQOEOjI9H4uVfLs4ZOqPTJQBAT6l0
ugAAtq7qP/pwVP79rc0f/8hLsev1z8aJsw7mWNVas5XhKA2Uozxfa+r46TsejNEzdsfUzu57QTr9
J83f/xERw7/w7mhPMxTonN3nXBmDjzwVc9OznS4FCvPeK66LaO5pblOmyxPxpYe+vaL9Tv00x6Sr
riBafd3T6o+v/tyNrpP6lYtuOc3srblk34F49MiLhc4BAFuFABqAwszGQOx6z2VRu7P5FcKLn/l+
VP7BmVEtF7tpUvqrH4r4g881ffzMJ74Z5Y9/IGojozlW1by+vnrM/qcvRjrXfI/qys6RmB/elWNV
0L2uef/74q7PfLYXWldDUwZqxW4m+zcP3hUnJideuyFZJ1Be/X4DAfR6Y20UUL8cR/5/9u47ysrq
7BvwfabRQURANBQ1mogdVLAn9hI7gr1rYtRooiYxb4wmvqYYv8RXE2PXWBA7igo21GhULBQFC4qi
KKKIOFSZdr4/lEQ4Z/rsKXhda7GW3Pt59r45cxiZ3+zZT6wR6c5qPrDPjvGnubcnmx8AViV+BguA
pD7fZGBU9mp4KJvNZqPkmsbt4q3TOiUlUbR24744z978cHSv+KyJOmq44qplsfiq0VG16ItGzdNu
2B5N1BG0fhWV7WOzHQe3dBuQxCb9ByRfY+GihcnXqI+XZr+ZdP6CTEG0K7CfCwDqQgANQHLLhu3c
uAkqqqLD85ObppkaLN2vkX1GROm1T0TxhPS9VqfDG6/H4usfiKhq3AMcOw4dGFl7QfmGabfaelFc
kvanLaAlbNg77TnnCysWRlVVbQduNK/pn6Q/HmPjnv2SrwEAqwIBNADJVRYWRcFpuzVqjsxL78Tq
saCJOqpe+2GNf3hi5aQZUXDd6ChZuqgJOqqb9ktLo+Lqu2PB0681eq7CTu0iu5GHsvHNtPmeB0bG
915YxXQp7JZ0/ncWvZN0/oYor0p44PVX9l1vy+RrAMCqQAANQLMozXSJooFrNWqOxVc+FkUFaXdY
Ler5rSj8VhOck1leGWU3PRyZUWMbP1cNunX5IrIjH4yFtzxW41mYdZUpKIiOh+/d+ImgDfvuVlu1
dAvQZHbYcKPkazw/veHPekjpuUVpfyJp2eLCpPMDwKpCAA1As5m/y9DIdGj4j7cXVGaj3Z2PN2FH
+ZXtu3MUdG7fJHNlS5dEXHV3FN4xLgqnN80OsXblC6P4pYlReeN98elfHoyKxY076/nruh65R1RU
+ecB32xd1lwnuq6edscoNJdvd0sbQBeUVERVziMCW4cJM6YnX2O/dXzDCgBq46kJADSrpUfvFu2v
eqjB91fNWRDFU9+M8o2/04RdrSgbEWVH7RNFV98bUdk0O64r5y+OeGLSl78ionDNbtF+o7WjvEfv
KC8qiSgsiExhwX/Wz0REtqIqoqIyissWRfbdD2Lp1A8iW1kV5U3SUa6O++4QZcUdE80ObcuG2+8c
L4wZHdls6wzWoC66dOoYBZm031R8ZfbbSedvjMqqqoii8oiKdGe7b7Ra/7g/Xkw2PwCsCgTQADSr
8pL20fWwraLstoZ/sVb01NTovO16MX9B2v+NFZ+yT5T/bUySuSvnlMbiOaUR8VpU5Tk64+ux9/LA
uSmO2KhOnyN2iM/b90q3AN84bT22zUZxDNl7p3j+wSdbuhVosI36rJ98jelz302+RmO889ncWLdr
444Aq0mmsjgKM5mo9M0qAKiWn7EFoNnNW6NvFDTynOVlF4+JwkzaL/aWVpZEu58eEFG0av/vssO+
wmea3qrwHL+qwl6xeu81WroNaLCBPdM/UPaThaXJ12iM5z59JfkaPxy0U/I1AKAtW7W/ogag1So9
8PsRBQ2PqLKVVdHh8eeasKP8Fn9RGJUnHRgFJavgDw0VFkTX4/aJbC/hM1Tn20N2jmxmVYjT+abp
3qlL8jUyXRe0+p92mFP6efI1Vivvk3wNAGjLBNAAtJiKI7/XqPsrX/8oimfNaqJualZx/L5R1bmk
WdZqDoVd2ken4/ePsoKmedgirKy1h1L1sekOjftcBS1hm/UHJ1/j5mfaxhE1CzLzkq+xbveeydcA
gLZKAA1Ai1nWrXu026J/o+Youv+FaN+haR4UWJNspiCyR+0b7XbcqM0fLdB5p02ieMQ+UVnlnwFQ
Fx1W6xmr93IUB23L2l16J19j8bKlyddoCuPfnZZ8je+tvUnyNQCgrfKVJwAtav52g6Owa4dGzZH5
y+hmC4WXDvxuFJyyf2Q6tL3d0IWrdYr2Jx4UFetv0NKt8A3Q1r9Rs7JvD905Mo7ioI3o3L5jVFak
fb+WViyIbBt58N77Cz5OvsaaBb0j8aMpAKDNEkAD0OIWH7Zr4yaoykbHF6c0TTN1UJ4tispj9o32
B2zTbGs2RnFJUXQ5YtcoGrZnZFe5WJDWalUMYrbcfeeWbgHqZPiWeydf4/0lM5Ov0VTKKysj2wwH
A22xZr/kawBAWySABqDFVRUXR8GwoY2ao+KFt6Pjks+aqKO6WbLmWlH1o4OjaOctItO+uFnXrouS
NVeLzod+LwqO3j/KOnRr6XagzSso6RF9+q/d0m1AjQoLCiIq0z84999vvJZ8jaY0beHU5GsM6eEY
DgDIJ/2/TACon5I6fGpeeRNrUdv/fuKiNdeK1dbsFuWfLa7+ohq2VBZGRNz6dMRJ+zd5b7Up22Dd
iA3WjR4dl0bpVY9H1eJlzd7DcpnCgug0sG+UDd3yy95arJP6yRQWREHxf9/72Uzu23zlj36muDB5
Xy1p+euR/c8L8d9XIOdvwlfXFBSle00Kv/bxWb7eyn2s8PtVdLN9v023i88+vi/KKyvzjhfk+XNn
Cpr+c3RhUWEUFX3t70yea7Jt+GPwyBOjY+UTJGr682Qztbwfv3b/Krg5fwWVVVVx/XOj/vP7al+X
2v4e1/J65fs83ZqNe3tajIvlZ0H/dz90vvfVyp/LanpvteTfs/On3bbC+nn7rMPHsdp7AaCJZOZ8
0EYO7gKANqIwqiI+/jQKXn0zymd8Uuv1VXm+eM33WMXqvsgt6tQuOm2zfpT16RsV7TvWr1mARlr0
xcx45ukXagiwsrWGeLWOR9MF0NWOf9VHvrHaxhsbWNa710y22rGV708ZQK883tiPaU3j+eaq8T3x
VQ/5708bQNc03pSvQW3jTRJA5/04f+13mZXHqu+vth5z16l+rLbxv617eADQetgBDQBNrDIKInr3
isrevSJ2jchkslH8yZwoe312FC9aEFXzl0Tloi/qPW+msCAKu3WMgu6domDNXtFhk76xqPLLBzgu
aeo/BAAAADQBATQAJJbNZqKsZ5+Inn2iPM94vh/Or+kH9rMRURkRi/KfAAAAAACtRts/NBQAAAAA
gFZJAA0AAAAAQBICaAAAAAAAkhBAAwAAAACQhAAaAAAAAIAkBNAAAAAAACQhgAYAAAAAIAkBNAAA
AAAASQigAQAAAABIQgANAAAAAEASAmgAAAAAAJIQQAMAAAAAkIQAGgAAAACAJATQAAAAAAAkIYAG
AAAAACCJopZuAAAAaLuKC4uiY6cOka3pokzkjNd4fURUZSIyX12UXX5/Jv+12TrMt3ye6u6vynw5
fSb75X+vfG1N868wlmeN2npbebyq4Ms+KjPZL3cMZTNRlcl+1V8mKguykcl+uZuo8muv7fL+K2vY
ZlTnXqp5rVa+ruqr9Qvivx+H5f9dVdtrWMt4Tb1WZrKR+WqCqkw2CrKZyEa2xo9xzu9ru3b5++Br
78Pl74+a1PR+yOnjq/GqWPE1XH7b19eq7/vo6+vnW7e693rO9Tl/huo7ybdO1VdTZOLL/16+3tf/
flfb/9fWr+/nEABaj8ycD7I+bwMAAAAA0OQcwQEAAAAAQBICaAAAAAAAkhBAAwAAAACQhAAaAAAA
AIAkBNAAAAAAACQhgAYAAAAAIAkBNAAAAAAASQigAQAAAABIQgANAAAAAEASAmgAAAAAAJIQQAMA
AAAAkIQAGgAAAACAJATQAAAAAAAkIYAGAAAAACAJATQAAAAAAEkIoAEAAAAASEIADQAAAABAEgJo
AAAAAACSEEADAAAAAJCEABoAAAAAgCQE0AAAAAAAJCGABgAAAAAgCQE0AAAAAABJCKABAAAAAEhC
AA0AAAAAQBICaAAAAAAAkhBAAwAAAACQhAAaAAAAAIAkBNAAAAAAACQhgAYAAAAAIAkBNAAAAAAA
SQigAQAAAABIQgANAAAAAEASAmgAAAAAAJIQQAMAAAAAkIQAGgAAAACAJATQAAAAAAAkIYAGAAAA
ACAJATQAAAAAAEkIoAEAAAAASEIADQAAAABAEgJoAAAAAACSEEADAAAAAJCEABoAAAAAgCQE0AAA
AAAAJCGABgAAAAAgCQE0AAAAAABJCKABAAAAAEhCAA0AAAAAQBICaAAAAAAAkhBAAwAAAACQhAAa
AAAAAIAkBNAAAAAAACQhgAYAAAAAIAkBNAAAAAAASQigAQAAAABIQgANAAAAAEASAmgAAAAAAJIQ
QAMAAAAAkIQAGgAAAACAJATQAAAAAAAkIYAGAAAAACAJATQAAAAAAEkIoAEAAAAASEIADQAAAABA
EgJoAAAAAACSEEADAAAAAJCEABoAAAAAgCQE0AAAAAAAJCGABgAAAAAgCQE0AAAAAABJCKABAAAA
AEhCAA0AAAAAQBICaAAAAAAAkhBAAwAAAACQhAAaAAAAAIAkBNAAAAAAACQhgAYAAAAAIAkBNAAA
AAAASQigAQAAAABIQgANAAAAAEASAmgAAAAAAJIQQAMAAAAAkIQAGgAAAACAJATQAAAAAAAkIYAG
AAAAACAJATQAAAAAAEkIoAEAAAAASEIADQAAAABAEgJoAAAAAACSEEADAAAAAJCEABoAAAAAgCQE
0AAAAAAAJCGABgAAAAAgCQE0AAAAAABJCKABAAAAAEhCAA0AAAAAQBICaAAAAAAAkhBAAwAAAACQ
hAAaAAAAAIAkBNAAAAAAACQhgAYAAAAAIAkBNAAAAAAASQigAQAAAABIQgANAAAAAEASAmgAAAAA
AJIQQAMAAAAAkIQAGgAAAACAJATQAAAAAAAkIYAGAAAAACAJATQAAAAAAEkIoAEAAAAASEIADQAA
AABAEgJoAAAAAACSEEADAAAAAJCEABoAAAAAgCQE0AAAAAAAJCGABgAAAAAgCQE0AAAAAABJCKAB
AAAAAEhCAA0AAAAAQBICaAAAAAAAkhBAAwAAAACQhAAaAAAAAIAkBNAAAAAAACQhgAYAAAAAIAkB
NAAAAAAASQigAQAAAABIQgANAAAAAEASAmgAAAAAAJIQQAMAAAAAkIQAGgAAAACAJATQAAAAAAAk
IYAGAAAAACAJATQAAAAAAEkIoAEAAAAASEIADQAAAABAEgJoAAAAAACSEEADAAAAAJCEABoAAAAA
gCQE0AAAAAAAJCGABgAAAAAgCQE0AAAAAABJCKABAAAAAEhCAA0AAAAAQBICaAAAAAAAkhBAAwAA
AACQhAAaAAAAAIAkBNAAAAAAACQhgAYAAAAAIAkBNAAAAAAASQigAQAAAABIQgANAAAAAEASAmgA
AAAAAJIQQAMAAAAAkIQAGgAAAACAJATQAAAAAAAkIYAGAAAAACAJATQAAAAAAEkIoAEAAAAASEIA
DQAAAABAEgJoAAAAAACSEEADAAAAAJCEABoAAAAAgCQE0AAAAAAAJCGABgAAAAAgCQE0AAAAAABJ
CKABAAAAAEhCAA0AAAAAQBICaAAAAAAAkhBAAwAAAACQhAAaAAAAAIAkBNAAAAAAACQhgAYAAAAA
IAkBNAAAAAAASQigAQAAAABIQgANAAAAAEASAmgAAAAAAJIQQAMAAAAAkIQAGgAAAACAJATQAAAA
AAAkIYAGAAAAACAJATQAAAAAAEkIoAEAAAAASEIADQAAAABAEgJoAAAAAACSEEADAAAAAJCEABoA
AAAAgCQE0AAAAAAAJCGABgAAAAAgCQE0AAAAAABJCKABAAAAAEhCAA0AAAAAQBICaAAAAAAAkhBA
AwAAAACQhAAaAAAAAIAkBNAAAAAAACQhgAYAAAAAIAkBNAAAAAAASQigAQAAAABIQgANAAAAAEAS
AmgAAAAAAJIQQAMAAAAAkIQAGgAAAACAJATQAAAAAAAkIYAGAAAAACAJATQAAAAAAEkIoAEAAAAA
SEIADQAAAABAEgJoAAAAAACSEEADAAAAAJCEABoAAAAAgCQE0AAAAAAAJCGABgAAAAAgiaKWbgAA
gKb30ZwP41e/Pi2nfs5Zv42BG27aAh0BAADfRAJoAIBV0Lhxo2PsuNE59fXW/Y4AGgAAaDaO4AAA
WMVUVVXFyFHX5R277fbrY/HiRc3cEQAA8E0lgAYAWMVMmvxCvDp1Ut6xefPmxpP/eqSZOwIAAL6p
BNAAAKuYMQ/cWeP4XXff3EydAAAA33SZOR9ksy3dBAAATWPhwgWx5dABUVo6v8brJjw7I/r3W7eZ
ugIAAL6p7IAGAFiFPPHkuFrD54iIh8be2wzdAAAA33QCaACAVcideY7XWH/9DXNqI0ddFxUVFc3R
EgAA8A0mgAYAWEW88+5b8ehjD+TUL/nT1dG5c5cVam+99Xq88OIzzdUaAADwDSWABgBYRYwdl3us
xtAhO8SQrbePYQcdmTN23/23N0dbAADAN5gAGgBgFVBeUR4jb7sup37IsKMjImKfvQ/OGbvjrpvi
s88+Td4bAADwzVXU0g0AANB4EyY8HTPemZ5T32XnvSMiYsjW20ffvgNi1qyZ/xlbunRJPPb4gzH8
kGOS9zdr1syYNPmFmPbalHh35tvx6aefxKLFC6P7aqvHGj16RZ8+34pBg4bEFpttFX36fGuV7aGi
oiImTX4hJk6aEFOnToo5H8+O0gWfR8cOnaJXrzVj3XXWj4033iK2HLxNrNl7rSZff8Y702Pq1Ekx
5dWX48MP34958+bGwkULYvXVekT37j2ib98Bsckmg2KTjbeI/v3WbfL1l1u27IuYPPnFmDTlxXj7
7Tdi1gczo7T08ygoKIjVunWPfv3WiQ3WHxibbbZlbLrp4CguKk7WCwAAaQmgAQBWAfmO0zhg/0P/
E2KWlLSLEYccE5f85bcrXDNy1PXJAuhsNhvP/Ht8XHv9ZfHwI/fX+b6DDzwiTj7pzNhs0y1XiR4i
vgz77xk9Mq648pKYMePNOt1zyMFHxSk/OjsGbrhpo9bOZrPx5FMPxw3/vCIeeXRMne/bZ6+D4pij
T4kdtt8lMplMo3pYbt68uTFy1HVx/Y1/j48++qBO9wzov14cf9xpMeKQY6Jbt+5N0gcAAM0nM+eD
bLalmwAAoOE+++zT2GKrvrFs2Rcr1G+49t7Ya88D/vP7V6dOit32HJRz//hHpzQ65FzZ3LkfxwW/
OyvuvvfWBs/xw5N+Guf+4qJo375Dm+0hIuLFl56Ns35+Ukyf/lqD7v+fc/8Qp/zw7Cgqqv/ekXnz
5sZv//ecuOPOfzZo7YiIIw8/Kc77nz81KvzNZrNx/5g74tfnnxFz537coDn69h0Qv7/w8tht1x80
uA8AAJqfM6ABANq4Rx4dkxM+d+vWPXbYfpcVahtvtHkM2mJIzv0PPHhXk/bz7sy345BDd21U8BsR
cdU1f40jj/lBgwLL1tBDRMSNN/0j9j1guwaHzxERF/3h3PjVr0+LioqKet03e/asGDZil0aFzxER
t4y8JoaN2CU+mTunQfdXVFTERX84N37440Mb/DpGfHmEylHH7huXXnZRZO2hAQBoMwrP/tkFF7R0
EwAANNyvzz8jPvjw/RVqxx59Suyx+34r1DKZTJSXl8Vj4x9aoT5z5ow49uhToqgJztmdO/fjOOyo
veLN6dOqvaZbt+6xxeZbxcYbbxG9evWJL5YtjSVLFue99v1Z78Zrr0+Jvfc8MEpKStpMDxERV1x5
SZx3/pnVjnft0u3L85Y3GRRdOneNpV8szflGwnJTXnk52rfvEEO23qFOa8+fPy+OOHrvmPbalGqv
WWfAt2OzTQfHwA03jR6rrxGlpfOjrKws77WffDInJk1+Mfbe+6Bo1659nXqIiKiqqooLL/p5XHHl
JTVeN6D/erHF5ltH374DorKyMhYuLK322mf+PT4ymYhtt/lenfsAAKDlOIIDAKANm/balNhl981z
6vfd83QM2Xr7nPqHH74fg4f0z6nfdMP9sftu+zaql2w2G6ecdniMvm9U3vETj/9JDB92dGy44SZR
XPzfILeioiJef+PVuPmWq+KmW67Ke+9RR5wcf/5T/rHW1kNExAMP3R0nnjws79j3d9ojfnzKObHV
ltuucLRHeXlZTJz0Qtx085XV7tx+4rFXYsPvblLr+r+54Kdx9bWX5tS7desevzj7d7HXngfkPGhx
2bIvYtLkF+Kqa/4aY8eNzjvv2T87P87+Wd33r9xw49/j3F+flnds8KChcfxxp8X3d9ojVl99jRXG
5nw8O8aPHxtXX3tpvPHm1Lz3X3v1XfGDvQ+ucy8AALQMATQAQBt28SW/ib9ceuEKtfXW3SCeGj+t
2jODjzvxwJyAcf/9RsRVV+QPbevq4Ufuj2OO3z+n3qNHz7jmyjvqtGP18fEPxY9PPzJKS+fnjFUX
qre2Ht6f9W7suvsWsSDPLt6LLrwsjjvm1CgoqP4kvGw2GzffenX8/Jc/yhnbc4/944Zr763xoYDT
p78WO+68UU69d68+cfttj8R3v7Nxjf1XVlbG3/9xcfz+j7/KGSsuKo5/PflarDPg2zXOERExddrk
2GufraO8ojxn7IzTfxVn/uR/okOHjjXOUbrg8/jDH38VN970j5yxnj17x7gHXoi11+5Xay8AALQc
Z0ADALRRX3yxNG4bdX1O/dARx9X4wLoD9z8sp3bf/bfH7NmzGtzL4sWL4nf/e05OvbioOP55/X11
Pi5hl533jiuvuC3v2MWX/KbV95DNZuMPf/qfvOHzJRdfHSccd3qN4XPEl0elHH3kD+OUH56VMzbu
4fviueefqvH+Rx9/IG/99xf9rdbwOSKisLAwTj/1l3HcsafmjJVXlMdjjz9Y6xyVlZXx2wvPzhs+
n/rjn8e5v7io1vA5IqJb19XiogsvjxHDj80Zmzv347jgwrNrnQMAgJYlgAYAaKP+9fRj8dGcD3Pq
e+y2X56r/2unnXaPzp275NTHPpz/2IW6ePSxB2LGO9Nz6uf9+uLYcvA29Zrr+zvtEaef+suc+r+f
fSJmzHizVffw4kvPxr2jc8PrIw47MY447MR69XDqKT+Pbt2659Tvu//2Gu97+eXnc2prr92vXkes
ZDKZ+NkZ5+UNiesSQD/1r0fi6Wcez6nvsP0u8Yuzf1fnPiK+DMQv+t1lsfFGuUfNjHngznh16qR6
zQcAQPMSQAMAtFH3jB6ZUxs6ZIfYYIOBNd7XretqMeygI3PqI2+7LiorKxvUyy0jr8mprTPg23Hk
4Sc1aL4Tjj89bz1fqNmaerjp5itzasVFxfGT08+t8diMfNZYo1eccFzu+cl33HVTfP75Z9Xe9/6s
d3NqGw3cLIrr+ZDJnj17x157HJBTf+ON/Gcyf12+IzMiIs4567dRUtKuXn1ERHTu3KXas6dvrubM
bgAAWgcBNABAGzR79qy8D9o7ZNjRdbp/nzwPb5v22pR4eWLu7tnavDl9Wjzz7/E59aOOODk6duxU
7/kiItbsvVbstWee8HP6tFbbw9y5H8dd99ySUz/8sBOif791G9TDXnsemFNbunRJTJw0odp78v15
P/7kowatf9SRJ8clF1+9wq9zzv5tjd+oeO/9d+KRR8fk1PfcY//YeqvtGtRHRMRuu/4gBm0xJKd+
0y1XxWeffdrgeQEASEsADQDQBo17+L689V123rtO9w/Zevvo23dATv3+MXfUu5cpr7yct779djvX
e66v22TjQTm1mTPfbrU9THjxmbz1+hx9sbINv7tJ9O7VJ6de0y7kfn3XyalNmfJSTHnlpXqvv83Q
neLIw0/K+VVYWFjtPRNeyP86HHTA4fVe/+sKCwtjeDXfYJnyav6PPwAALU8ADQDQxlRVVcXIUdfl
1A/Y/9BYs/dadZqjpKRdjDjkmJz6qDtuiNIFn9ern8lTXsyptWvXPtZff8N6zbOyE0/4SUx84f0V
fl36lxtabQ8vv/xc3nq+Xbt1VVRUFNtum/vwxFemTqz2nh133C1v/YyfHhfTp7/W4F7q6qWXns1b
b+w3AyK+PL88n+peewAAWp4AGgCgjZk4aUJMnTY5p77/viPqNc8eu++fU1u0aGGMHz+2XvO8kGfH
67ZDd8r7ALv66NqlW6y1Vt8VflUXsLeGHl5/49Wc2gYbDIzu3Xs0qod8O5pr2gG96857R5811869
582pscvum8cFvzsrJk95scHnfdcm3/Egm222Zay++hqNnrt/v3Xz7gh/SQANANBqFbV0AwAA1M+Y
B+7MqXXr1j122H6Xes2z8Uabx+abbZWze/j2O2+MAw84rM7zzHxvRk6t/4D16tVLY7V0D9lsNiZN
zt2FXbZsWfz6N2c0au58u7s/mvNhtdevvvoa8cffXxHHHJ/7DYbyivK48uq/xJVX/yXWGfDt2Guv
A2PLwdvEZpsMjrXX7teoPpfP/+abuWdkDx40tNFzR0QUFBTE1ltvn/N34L333mmS+QEAaHoCaACA
NmTBwtIYdceNOfURhxwTnTt3qddcmUwmRhxyTE7A+eRTj8Rbb71ep+MrlixZHIsWLcypr9ate716
aYzW0MMXXyyN0tL5OfWZ782Ia6+/rMnXKy2dH2Vly6KkpF3e8T123y+u/sftcT3Sr4EAACAASURB
VMbPjoulS5fkvebdmW/HFf/4839+v/FGm8cuO+8d227zvRiy9fbRvn2Heve1oPTzKK8oz6mv0aNX
veeqTq+ea+bU3p35dlRUVERRkS9vAABaG0dwAAC0IU88MS5v0LnPXgc1aL7ddv1B3vqDY++p0/2L
Fy/KW+/WjOFva+ihupA36ZpfLK1xfL99h8e4B1+IvfY8oE7zTZ02Of7v8t/HiMN3j622WScu/P0v
6n1m9LJlX+Std+3arV7z1KS6uRYtWtBkawAA0HRsEQAAaEPuuOumvPVnn38qXprYsHNwe/fqEx9/
8tEKtVtvuzZ+/KOzq91hu1xlVf5zhJtzJ2pr6KGsvKzZ1vqPbLbWS76zwUZx/TX3xIQXno5bR14b
d959c52mnjv34/j7FRfH36+4OA45+Kg4+6wLon+/dWu9r7pzpYuLS+q0bl1UtzO7vDx35zUAAC1P
AA0A0EbMmPFmPD7+obxjf/rzeU261qxZM+Pfzz0Z399pjxqvK6kmWCwrW9ak/bT2HqrTtUu36NSp
c5rJM5k6XpaJoUN2jKFDdoxfnfuHePqZx+Phh++L8U+Oq9PO7TvvvjnGPjw6fn/h5TH8kGNqvLao
uDhvvSl3iC9ZsjhvvaSk6UJuAACajgAaAKCNGPvw6GZd7957R9YaQFd37vTnn+ceE5JKa+ihuhD8
hONPj1+cc2Gz9VGbPmuuHcOHHR3Dhx0dS5cuiTfenBpTXnk5Xnzx3zH+yXExf/68vPctWrQwfvLT
Y2PRooVx/HGnVTt/h2p2Jy9cWNok/UdEfP75Z3nr7dq1b7I1AABoOs6ABgBoA8oryuPWkdc265r3
jr4t52iOlZWUtIsePXrm1KsLCVNoDT107Ngpb/2TT+Y0Ww/11aFDx9hi863j2KNPib9ffktMfumD
uPuO8XHUESdXe8+vzjs9Xn11YrXjXbuuFh06dMypz/7ogybpOSJi1gfv5dT69h3QoIcmAgCQngAa
AKANeP75f8W7M99u1jXLK8rj4Ufur/W672ywUU7ttddfSdFSq+2hffsOsc6Ab+fUX3/j1WbrobHa
tWsf2237/fjzn66Kxx+ZHBsN3CzvdZf9/Y/VzlFQUBCbbbplTv355//VJD2WlS2L555/KqdeXa8A
ALQ8R3AAALQBo+8blVMrLiqOUSMfrnb3bX1ks9k46UfD48MP31+hPvK26+KoI06OTA3nDW+91Xbx
7HNPrlB7eeLzUVo6P7p1697o3uqiNfQwaIshOd8kmDhpQsz5eHas2XutZumhqWw0cLO45qo7Y/e9
BseiRQtXGBvzwJ0xb97cvLvOIyIGDRoSz09YMXB+d+bbMWvWzOjbd0Cj+pr+1ut5z5PedJPBjZoX
AIB0BNAAAK3cvHlz4657bsmp77fv8Nhu2+832TqHDj82/t9ff7dCbfKUF2PKKy/F5pttVe19+Xa8
RkS88ea0GLL19g3uZ9LkF+KVlY576NKlaxx0wOGtsofBg4bG3ffemlN/9rkn817f1CorK+OVV1/O
qXfv3iMG9F+v3vOtu876cfKJZ8ZfLs09w/r9We9WG0BvveV2cUX8Oaf+xFMPx9FH/rDefXzdI4+O
yVsfPGhoo+YFACAdATQAQCv3yKNjYtmyL3Lq++07vEnX2XOPA3IC6IiI+x+4s8YAetCgIVFcVBzl
FeUr1Mc/MbZR4e89946Ma677vxVqBx94RN4wtzX0sM02O+Wd49rrLov99x0RhYWFDe6jLgoKCuKQ
Q3fN2bF8yMFHxeX/d1OD5hyy9Q5569U9rPDLe7aPDh065uxUHnX7DXH4oSdEUVHDvgRZunRJjLrj
hpx69+49YsvB2zRoTgAA0nMGNABAK5bNZqsN3bbfbucmXWvjjTbPGzTfNur6nFDz63r36hOHHHJ0
[...]
TWX/WzcjbfP4cZAp+JUrV16bAqOpU6eOchRpRInRN85p0pjKfjdjTp/g4pJBa9fsNN5je/YYFOP2
MUmM/lv99fNZAKVKlov0nhaV12u8ZQq+/f6/n2LYOm7CX1CLTqpUqfRBV3Mag+gW55s4fr5OHrtp
/EU1oySiiJ+LgXduR9rmSfATrd+42ijncs+jum83ibVuBwcHlS/3cqzbJcXrPjmz6lx99Oihvvp6
Sbjt34xyVlBE6dO7qFGDlkZ5157fLBv92qJZ7OsgnDp93PQaeKddFxUpUsKm+rt1NX/ubPnu21j3
8fAoYBpdHp0CBTxN5TuBkV9Ltjp2/JCO/3vYKHfu1NOmlGOlS5U35d0OX4eU+H0HAAhDABoALGbr
YkAuEb5UP1ssLjyPvAVMU21Xrl4Y64rs7jlzq+qrNY2/mEYPvUj+PvA896OTo5NNP0ClsFHQC+d9
Y/yVLl0hXsfft9/8vNWqVdfmfcNPL5Wkv2M5ByT7noe2OnrsoKlcvVrteNcVlYgLe70aboRkTEpE
mL59+nTCpgjb29lzJ03Txls2f1fOzmli2OM5F5cMatn8XaPs7X1R5/9/Aa2EcnJ0Mr3/3I3i4sT5
C2dNFwWaNm5jc9ttkRh9EzGQO3nKiFhHyVd6uarxHluhfGWb2hMVq/vvzNkTRn5ZSWpQv4VN7w2O
jo6q9FJVo7x7z28JSj8UH9Wr1jKVDx9J2Ejz8JwczRd3nzx+HGmbSxe9TKNxGzVsleLO7ZTEqnP1
zJkTpgurNV9/27IU+N8AACAASURBVOY2tW7V0fjsnzR+voLDzUizp1Q2LG4cfmFYSbGOmA6vQvnK
poDrzl+2RZt25hlbv0OkT2deTPr+g3s2tyuiI0fN3yEqV6oezZZmDg4OGj1yhvFcNWlknt2W2H0H
AAjDIoQAkExFNXrJxSWDPvzgU02aEpYG4uHDB2rS/DV1ePdDNajfQi9VfMWm0SGQafp2xYpVbBol
J4WNxIstVYctdu/5zfi/dKnysU7jDi9/vkLKkyef8eP8LwungCZkFF34H3m53PNEGkGbUP8c/tv4
v2CBwgoJCbFpsa+IuSO9r8Q/zUhEZcu+pJw5ctm8fcYMkad9h88LLsnmiyPPVKhgDoCePntChQsX
j1Md0Qk/wjyqH90XL3qZyqVKlbfLcZ9JjL6pX6+5Zswaa5xL6zas0vF/D6vjex/ptep1VKhQUZuD
MXFldf+dv3DWVHbPmdvmBfLCj1QOCPBXQIB/rKkz7MnV1U0vVXzFWDTs7/279fTp01hnPUhhU+59
r1/V5csXdOfObT14cF8hT5+fv4dtSKV02fuCqRzfi4/RSc6v+3z5CmrNqthn2oSX0OC8VeeqV4TA
fPHitq85ULxY6TitUWCliKN6S5Yoa/O+qVKlUrWqtYwZXD4+l3Xt2hW7f0ZLCfsOETHNU8QZWjGJ
6YJ3Suk7APivIQANAClM94/66/z5M6apwCtXL9TK1Qvl5OikGjXeVI3X3lDlStVUpnTFSAvFIGwq
9bVrV4xy+IUFE0NwcLAuX34ezIjrKuoODg4qVbKcEYC+dOm8zYGYxHQ1XB8XL1barkG7J8FPTOlP
Llw8pzIVbA/ih3f37h17NUu9e36mhvVbJKiOgAB/UzmqRZFikie3OaVBxPqsFDFlS247v7YSo29y
uefRgrlr1PXDVsb9J08d0+ChPSSFXeyoU7u+XnmlhqpUqm7XIKzV/ed3w7w4Xd8BXeNd1/0H95Rd
iReAliRPz2JGADoo6JEePnwQ48XDCxfPadPmNdqwcXWkwGNc3bljfm5sSWkUF8n5de/k5CzPOAT/
7MGqczXimglZwqUuSUkipgbKGcUCijEpkN+cKiPg9q1kF0T19/czlcPPwEmIF6HvACA5Sl6/VAEA
sUqbNp1mTPtS8+Z8FekH4ZPgJ/rl1+0aMbKv6jWsotdrl9KiJTN0K4pcrS+yBw/um8qZ7fSjxlb3
7981lTO5Zo5zHa6Znu8TFPRI9yLUmdSePHlsCoBkzORq1/ofPbTfwoEJmSJshYhByPTpXaLZMmoR
A3K2LFJpL/ciBPPj2vbYJFbfVKtaSz9s+1vvhssX/syFi+e0ZNksde3WUhUreah7z/bau+8Pu+SD
tbr/Hjy8H/tGNrLn4p22Cv++J0V+L38mODhYM2ePU806ZTRpyucJDj5LivQem1LP7ZTCqnM14vOY
wSVlzhoL/70uV668cb4AHXG2XFQplZJa+JQ3OXPkstuAiheh7wAgOWJYHACkQI6Ojmre9B01rN9C
u3b/qp92fq9tOzZGmp7qdf6MPv/iU82dN0mjR85Q40atk6jFyUvEkbiJvViTQ4QfO6HxOH7EYFfq
VLHnjExUEfrY3os1PX1qTv+QJk3aeAeEIuZ/TWqRfgzHse8inRupE+/rXsTXlr2f98Tsm/z5CmnK
pEXq3esz/fjTd9q2faP2Rkh38yT4iTZu/lobN3+tZk3badSI6QkaEW11/0VMm+Lq6hbvmRNWpSGJ
ScT36qjaEBoaqkGffayv1jxfaC5Dhoxq0ay9KlWqJo88+ZUhYybT637j5q81Y9bYGI+dyiHC+3YK
PrdTAqvO1Yh1pNTFGlOHyxP91A45iJPj+RL+NRccYr+c8y9C3wFAcsS7JQCkYM7OaVS7Vj3VrlVP
Y0bN0vnzZ3Tk2EHt3fuHtnz/rbGY1fUb19Tt4za6f/+e2rXtnMStTnou6c0jxQISeaSYS/oMcnJ0
0pP/X8AoPse/FW50cbp06e0+Gi+hnBydlDVrdmMKrb1H40V8vPXrNdP8OV/b9RhJJVOEUZ5378Ut
RUjEEfaJOcI/Q0ZzTuv79+07ujwp+iafR0F90OUTfdDlE926dVMnTh7VP4f/1rbtG00L4W3avEZe
589o3Zqd8Z4qbnX/RRztuW7NTpUt+5Jdj2GlO3dum8pRpd/Y8t23puBzvbpNNX7sXLnHMM3elhz8
EUc9/hfO7eTMqnM1Q4S8+8lt9pCtsrhlM/6/fuOagoOD4zRC+E6g+bWUMWPk9QiSWma3LMb//v5+
evLksZycnBNc74vQdwCQHJGCAwD+IxwdHVW0aEm1avGepk5erIP7Lqnfp5+bthn+RR/d8PONpoYX
R+rUqU3pSy5dPp/oxy9YqIhRPn78nzjtHxISomPHDxnlIkVKJMloxNjkz1fI+P/4v4ftOtLMycnZ
lIM14oJVKVnWrNlNZW/vuC2SeOmS+XyOWJ+VIuZTfZan3F6Sum+yZMmm6tVqq1ePwdqxdZ+2bPxT
pUqWM+4/evSgFi+dFac6TfVb3H/hAzpSWPAlJTl56pjxv6urm9KmTRdpm2XL5xj/58tXUDOnL48x
+GyrzJnNfXfF51KC6wwvqc/t5MaqczViv9i6sGFy4+5uPqd9rsbtveLc+dOmcpYs2aLZMulEXNDX
307p5F6EvgOA5IgANAD8R7m6umlAv5Hq+N5Hxm337t3Vnj2/J2Gr4iZiaoQQO07BrPrK68b/R48e
jNMI3ZCQEOMvvtOwX6tWx/jf6/wZXfa+EMPWZl5ep00/mqu9WjNebbBaxQpVjP8DAvx1wc5B4kqV
qhn/HzlyIMUF06JTskRZU/nAwb/itP/+A3tM5RLFyyS4TbYqVKioqfxPuBHC9pCc+sbBwUFVKlfX
/DlfK02atMbt365bHu/3Bav7r1DBIqbyswX9UgI/v+s6/u9ho1zt1ZqRLrzd8PPV3/t3G+Umjdoo
U0b75J/3jPDcHD160C71PpOczu3kwKpztWjhEqbyvyeO2LxvaGio6fM/KZUtYx4NfuzYoWi2jOxJ
8BP9uesXo1ykSAm7XKSxt5LhLu5J0unT/9q879OnT43nKeLF7xeh7wAgOSIADQApRGhoqNq2f1st
29RRyzZ1NGR4L5v2a96sval89aq3Fc2zRMQ0C/ZMlRE+eClJe/f9adN+gYEBypPf0fhbvmJevI7/
6is1TOWdP2+1ed8fftpiKkd8LMlFhQqVTeX//bHTrvVXq1rLVN7xw2a71p9UCuT3VJEiz4Mk6zeu
NtLpxObWrZvasOkro1yqZDnlzZvf7m2MTv58hZQnTz6jvOW7b+2aqsDqvtm6fYPxHtuyTR1Tio3o
FC1aUq/XeNMoe3tfjPdjtrr/SpYoa0oP8u3a5XZPJWGVP3b9bCpXrFgl0jbhFz6VJLcIo5ajE/I0
9mBi7twepiD0d1vXpahzO6Wx6lwtVKio6TX2w09bbA4mz547wfjsL1Q0gx4/Dkpwe+Ir4vm/afMa
m/fdt+9P0wj7N99oaLd22VP5si+byuEDv7Fp885bxnP1UY92pvtehL4DgOSIADQApBAODg66d++u
du3+Vbt2/6pNm9fY9GMsYm66qKYsG8eI5wI/topr/ZkyZZZbuCnpBw/tjXVk4ZMnj7Vtx8ZY636j
dn2lS5feKH+5Yq5NKSL+3P2rqVysWKlY94lKrZp1TSkk5sydaFrxPTo3/Hw1d/5ko+zhUUC1Xn87
Xm2wWs0ab5lGhi5aMsOmc9bWYPxbbzQ01T977gSbp1Pf8PNNtgFrBwcHden0/AKTv7+f1ny7zKZ9
V6xaoIcPHxjlzp16Jmp6llSpUql9u65GOSDAX5u/+ybW/e7cDbTp+bC6b9KnS2+8x+7a/asOHdpn
U90R0zM4O8cvT6nV/efsnEbvd/jYKF/z9dGKlfNtbt/W7RuMvO72YsvMiCdPHmvh4umm22rVrBtp
O8cIi4GdPnsi1roDAvxtupDo4OBgWkMhIMBfm7bEHri6d++uNm6KPT99Sn7dW8Gqc9XR0VEd3v3Q
KB85ckC79/wWa33BwcHaun2DUa76yutydk4TabuIixzae7HKZ/J5FFTTJm2N8rYdG20aNR8SEqLZ
cyeYbmsRYaBCclG0aEm9Vv35bLHlK+fp5s0bse7n7X3RFKwuFyF3+IvQdwCQHBGABoAUpHGj1sb/
AQH+Wv314lj32b5jk6kcPvdxRBkjLM5j78X54lq/o6Oj6cfH0aMHteev6FOIBAcHa9qM0Tb9mMyS
JZu6du5tlP/3x04tWjIjxn2uXvXW2HGDjbKnZzFVerlqrMeKiotLBvXsMcgoX/P10fARfRQcHH2a
kcePg/TZkB6mQHXP7oNMgfTkJGvW7KYf+hcveWny1BEx/iA/cPAvfT7yU5vqz5Urr7p2ef4c+vhc
1sDPPoo1yO17/aq6fdRGnbo208TJw/XkyWObjpeYmjVpKw+PAkZ53IQh+ufw3zHus3vPb5o2fZRR
LpDfU40atrKsjdFp1rSdKX3OmHGD5eV1OtrtHz16qJGj+pvy+8ZYv4V9U+nlaqZRl4uXzoz1oobv
9av68afvjPIrVWpEGZiyldX99+47H5gu3IyfOFS//rYjxn1CQ0O15ptl6tqtpZq1qmlKhZFQg4Z0
jzUP//yFU00pL6pVrRUpZYUUNko5/PO3ceNXOnHyaLT1+l6/qg8+ai2v82dMtwdHk+6pUcNWpr4b
O/6zGJ+bx4+DNHrsQJvTPKTk170VrDpXWzRrb1pU8rNhPWNN4bRgkfkcbNWqQ5TbRfw8tiVgGl8f
dPnEVB702cexXiCav3CKaTZSs6btTHnsk5vw39Pu3burIcN7GQs4R+XRo4caOWaA6ba6bzWJtN2L
0HcAkNwQgAaAFKRNq46mH6cjRvbViJF9der08UjbBgYGaNac8Zoy7QvjNk/PYqpSuXq09efLV9BU
XrFyvh49eijpee7DhIhP/Q3qNTeVe/Z+T9t2bDT9AAkODtZfe/+nj3q00/SZY2xuT/eP+pum4n4x
qp/mzJuowDvmFc6Dg4O18+etatX2DV24eM64fcyomQlakf299t1MU/fXrl+pj3q009mzJyNte/LU
MXXq2tw0urt2zbp6p12XeB8/MfTsMUjZs+c0ygsWTVPfAV0jBW1u3ryhxUtnqkXr2jZPO5ek3j0/
U+lS5Y3yjh82q32HBtp/YE+kEe0PHtzX91vXqUHjV7V33x+SpG/WLpev79X4PDRLubq6aeK456My
Hz58oLbt62rt+pV68OC+adt79+5q9deL1bFzE9PrYuL4+XbLfxsXBQsUVr++I4xyQIC/Wrapo++3
rjO1/enTp9q370917tpcX61ZYnP9VvZNxoyZNKj/82DehYvn1KJNbW3dtj7ShY3Q0FAdPLRXnbs2
N10USuhr0ur+8/AooAlj5xrlJ8FP1Klrc82dPylSCgtJOnPmhAYO/kif9u9ilH/40X6zB7y9L6pp
8xraun2D8XnwzK1bNzVh0jCNmzDEdPugAaOjHOGbLl16tQ/X/0+Cn+j9Lk31087vTSOE/fyu69u1
y9WoaTXtijCrRVKk8+iZ/PkKqW+f4UY5uucmNDRU+/7epS7dWmrFqgWx9MBzyfV1/+TJY505cyJe
fzEF6GNj1bmaN29+DQz3OvfyOq3OXZvr0D/7Il0gvXbtioZ9/onGhLv4/HqNN6MN8ufI7m66gLRu
wyrTxaGYLjLH1UsVXzEtNv3viSNq3e5N7fnr90jH8b1+VV+M6md6HDlz5NLnwyYrOXvrzUam74Hf
fb9W/fp3jXKRzmPH/1GnLs20ddt647b+fb+IcuDFi9B3AJDcOMa+CQAguXB1ddOcmavUut2bCgp6
JElauHi6Fi6erhLFy6hYsVLK4JJRV6966699f5h+cDs5OmnyhAUxpuCIOJp3xqyxWrFqgYoULi6f
q976cvFGlY0wlTEu4lP/2281VsUKVXTon7Cp8Nd8fdTlgxbKmSOXihcvrVu3buqc12nTY82QIaNN
QUw3t6yaN/srte9Q39h+zLjBmjp9lKpXq62cOXLpwYP72rd/l3x8zKukj/pieoJTXzg7p9H0KUvV
oVNjY5TW1m3rtXXbepUvV0lFChdXaGiozpw7GWnBq7JlX9LUyYsjLdSY3OTMkUvTpyzVux2f50lc
880yrflmmTwLFVXu3B66fuOazpx5PlW+YIHCunrtinGOx8Q1U2bNm/2VOnRqrIuXvCRJe/f9oUZN
q8nTs5jKl31ZLi4Z5HPVW4eP7DeNcHJ1ddPiBWtNF3WSk9q16mnkiGkaMbKvpLCLSr37dNSIkX1V
pXJ1Zc2SXTf9b2jvvj8jpW8ZO3qW6eJGYuvWtY/+3r/bGK14zddHH3zUWpkyuqpIkRJycnLS6TMn
TEEkT89iNgerrOyb997tpv0H9xh5Qc+cOaGuH7aSq6ubKpSvpLx58uvhwwc6fPRApPbWq9tUzZu+
Y9NjiInV/de2TSedv3DWmE4eFPRIo8cO0oSJw/Taa28oT24P3b9/T14XzujIkQOmfVu36qg+vYcl
+DE+ky5del3z9VHXbi2Vyz2PypV7WVmyZJOv71Xt3vNbpPeBTz8Zpsox5L3/sFtfbd2+QZcvhy3s
evnyBXXo1Fhp0qRV3jz59ODBfV3z9THtE7HvfK9Hf1Gqa+fe2rv3D/32vx8l2fbcuLlljTJgGpXk
+Lq/fPmCatSOX7qpfPkK6u89MY9wj4lV5+r7HT7WkSMHjNzZBw/tVf1Gr6ho0ZIqV+YlpUmTVhcv
eUW6QFG6VHnNmLos2s9eF5cMevvtJkYQ9Nq1K6r1RlmVKF5GadKklWehopo7e3W8+yOiXj0G6+JF
L+Nx/HviiJq3qiXPQkVVunQFubhkiJSSQgr7/Fu0YK0pFVhy5ODgoLFjZuviJS9jJsHa9Su1dv1K
Valc3Vi49dixQ5FGu7do1l69ws00i+i/3ncAkNwQgAaAFKZK5epa+/VP6tmng2kEyMlTx6Kdgp0r
V17NmLpMVV+tGWPdFcpXVvOm72jj5uf5KgMC/PX3/t2SpFAlLJdhfOpPmzad5sxapc5dm5tGel+/
cS3KKbNNm7RVndr11euTqKfHRlSlcnWtWLZFn/bvYgQsHj58EG0e4kwZXTVh/Dy7BJmksCnjq1du
U9/+XU1Tiw8f2R/tAmhvvtFQUycvVo7s7nZpg9XeqNNAixes1af9u5guDHidPxNp6nvRoiW1YtkW
dejUOMqR4FEpWrSk1n3zsz7p28mUosXL63S0AbmyZV/S3JmrTIt+JUcffvCpMru6afiIPrpzN1BS
2Gvmhx+3RLm9q6ubRo+codYtbTv/rZI+vYvmz/lKH/dsbzqv79wN1MFDeyNtP2jAaBUpXFxdP7Q9
dYBVfePk5KwpExfJzS2rln05x7g9MDBAv//vp2j3a9e2s8aMnClHx4R/vba6/xwcHDRk8DjlzpVX
o8YONC7gPQl+EmOKg6GfjdfHH/a3y2N8ZtmSjZowaZiOHDmga74+kYLD4X3Q5RP1+3REtPdLYRe9
li/drA8+bGV6fwkKehTp/UaSPh86SRUrVlHTFq8bt/3772G1bP5ulPW7uGTQ3Nmr1b1Xe9P5EN1z
07/vCDk7p4k0ijsmKfV1bwWrzlVn5zSaMmmR0qd30aqvFhm3Pxu5HZX6dZtp3Ng5cs+ZO8Y29+w+
UDt/3mq6ePLs+1mBAp4x7htXadOm0/SpS5Ujh7vmL5xq3B7V5+szxYuV1oxpy1S+XCW7tsUq7jlz
a/nSzerVp6Mxe0mS9v29S/v+3hXlPp/0GqK+fYabUrhE9CL0HQAkJ6TgAIAUqEqV1/Tjtv0aOWJa
jAE0z0JFNXzoRP3y4z82jYpycHDQ5IkL9UmvIVF+aU/oYjrxrb9QwSLauO439e87wpTfM7xXqtTQ
siUbNXfWamXLliNO7apWtZZ27jiooZ+NV/FipaPcJmvW7Pqk1xD9uvOI3YLPz7jnzK3VK7Zq2ZKN
Ma6o/tabjfTlkk1asWxLigk+P9OoYSv9uP2A2rXtHOVzny9fQQ0fOlHbtvylggUKK3euvHGq38Oj
gNau2akli9arTu360W5XtGhJjRk1Uxu+/TXZB5+fadP6ff3v1+Pq3fOzaEdre3gU0Ce9huj3X44l
myCUq6ubVn75naZOXhxtnsx6dZtq65Y9+vSTYaYFR21lVd+4uGTQ2FGztHHdb2rWtF20QQwnRyc1
a9pO6775WdOnLJWLS4Y4P4boWN1/Dg4O6vR+D+36/aR69Rgcbf85OTqpRbP22rF1n3r1GGzX4LMU
lrN407rfNWHs3Ghfk9Wr1dbqFVs1euQMm45fskRZfbdpl/r3HRFlv6RJk1atW3XUrzuPqPvHA1Sy
ZDlT7t7vtq6LMeVUlizZtGrFVk2euFAlipeJcpu332qsLRv/VP++Xyh16tSm+yKWo5JSX/dWsOpc
TZcuvSZPXBjr67x6tdr6cskmLVqwNtbgsySVL1dJa9fsjDJIactix3Hl7JxGI4ZP0Q/b/la7tp2j
TcFSvlwljRs9W9u/35viAqgeHgW07tufNWvGClWvVjvKbdKkSatWLd7Tjq379NmgsTEGn595EfoO
AJILB98rFi3NCwBIFKGhobp61Vs+V711794dSZKLS0blye2hPHnyRZkn0xa3bt3UqdPHdf/+Pbm4
ZFDevPnlkbdAvOuzV/1BQY905uxJ3fS/odCnT5UpU2Z5eBRQzhy57NKu0NBQXbzkJX9/PwUGBsjJ
yVnZsuVQkcLFE5TvOS78/f10xeeSbgX4y0EOcnPLorx58itr1uyJcnyr3b59SxcunlNAgL/Spk2n
rFmzy7NQMbsGtm7duqnL3hcUGHhbT548lotLBuXJk0958+RXqlQp9/p7cHCwLlw4q1u3buruvTvK
mCGTsmTJpoIFi9g9MGhPT58+lZfXad3w81VQ0CO5urqpQH5Pu57TVvbNw4cP5HX+jAIDA/TgwX2l
SZNWbm5ZVahgEbsGnaOTGP0XEhKiCxfOyt/fT3fuBsrJyVlZs2RT/gKeds0pPGnK55o2Y7RR/mvX
WRUsUFhS2PvvhYvndOPGNd27d1cZM7oqd668CUqT8/hxkM6eO6WbN28oJCRYWbJkU4H8nsqcOUuC
H4v0/Lnxu3ldjx49jPK5mTBpmGbMGmuUDx/0sSmQ+UxKfd1bxapz9c7dQF26dF6BgQEKCnqkjBld
VaCAZ7wv+IaEhOj0mX/l6+sjh1SplMUtqwp7Frf8PeP+/Xu6cPGcbt++paCgR8qcOYtyZHdPtumm
4sP3+lX5+vqELWYdGiq3/+/b8ItLxseL0HcAkFQIQAMAAABIFDEFoP+run7YysgJ7OTopLOnAmNc
jwEAAOC/JuUOAQIAAACARHbz5g2bt/X399Mvv243yjVrvk3wGQAAvHAIQAMAAACADby8TuvNuhW1
5btvbdp+7vxJxsJ5UlhuaAAAgBcNAWgAAAAAiIWf33V16dZS13x99GH3tpowaZju3A2MctuHDx9o
0pTPNW/BFOO2fPkKqmnjtonVXAAAgGTjxVu1AgAAAADiKH16F9PihTNmjdWKVQvUumUHlSpVXlmz
ZNODB/d16vRxrduwSpcvXzC2dXJ00oypyxK8SBoAAEBKRAAaAAAAAGLh4pJByxZvUJ9+nfXTzu8l
SQEB/lq4eHqM+7m5ZdWs6ctV9dWaidFMAACAZIcUHAAAAABggyxZsmnZ4o1aMHeNKleqFuv2777z
gXZs3ac332iYCK0DAABInhx8r4SGJnUjAAAAAPz37fnrd506ddwoN2/2jimtRUpz5colHfpnn86e
O6UbN64pVerUyuKWVSWKl1HFClWUO7dHUjcRAAAgyRGABgAAAAAAAABYghQcAAAAAAAAAABLEIAG
AAAAAAAAAFiCADQAAAAAAAAAwBIEoAEAAAAAAAAAliAADQAAAAAAAACwBAFoAAAAAAAAAIAlCEAD
AAAAAAAAACxBABoAAAAAAAAAYAkC0AAAAAAAAAAASxCABgAAAAAAAABYggA0AAAAAAAAAMASBKAB
AAAAAAAAAJYgAA0AAAAAAAAAsAQBaAAAAAAAAACAJQhAAwAAAAAAAAAsQQAaAAAAAAAAAGAJAtAA
AAAAAAAAAEsQgAYAAAAAAAAAWIIANAAAAAAAAADAEgSgAQAAAAAAAACWIAANAAAAAAAAALAEAWgA
AAAAAAAAgCUIQAMAAAAAAAAALEEAGgAAAAAAAABgCQLQAAAAAAAAAABLEIAGAAAAAAAAAFiCADQA
AAAAAAAAwBIEoAEAAAAAAAAAliAADQAAAAAAAACwBAFoAAAAAAAAAIAlCEADAAAAAAAAACxBABoA
AAAAAAAAYAkC0AAAAAAAAAAASxCABgAAAAAAAABYggA0AAAAAAAAAMASBKABAAAAAAAAAJYgAA0A
AAAAAAAAsAQBaAAAAAAAAACAJQhAAwAAAAAAAAAsQQAaAAAAAAAAAGAJAtAAAAAAAAAAAEsQgAYA
AAAAAAAAWIIANAAAAAAAAADAEgSgAQAAAAAAAACWIAANAAAAAAAAALAEAWgAAAAAAAAAgCUIQAMA
AAAAAAAALEEAGgAAAAAAAABgCQLQAAAAAAAAAABLEIAGAAAAAAAAAFiCADQAAAAAAAAAwBIEoAEA
AAAAAAAAliAADQAAAAAAAACwBAFoAAAAAAAAAIAlCEADAAAAAAAAACxBABoAAAAAAAAAYAkC0AAA
AAAAAAAASxCABgAAAAAAAABYggA0AAAAAAAAAMASBKABAAAAAAAAAJYgAA0AAAAAAAAAsAQBaAAA
AAAAAACAJQhAAwAAAAAAAAAsQQAaAAAAAAAAAGAJAtAAAAAAAAAAAEsQgAYAAAAAAAAAWIIANAAA
AAAAAADAEgSgAQAAAAAAAACWIAANAAAAAAAAALAEAWgAAAAAAAAAgCUIQAMAAAAAAAAALEEAGgAA
AAAAAABgIHghKgAABEtJREFUCQdJoUndCAAAAAAAAADAfw8joAEAAAAAAAAAliAADQAAAAAAAACw
BAFoAAAAAAAAAIAlCEADAAAAAAAAACxBABoAAAAAAAAAYAkC0AAAAAAAAAAASxCABgAAAAAAAABY
ggA0AAAAAAAAAMASBKABAAAAAAAAAJYgAA0AAAAAAAAAsAQBaAAAAAAAAACAJQhAAwAAAAAAAAAs
QQAaAAAAAAAAAGAJAtAAAAAAAAAAAEsQgAYAAAAAAAAAWIIANAAAAAAAAADAEgSgAQAAAAAAAACW
IAANAAAAAAAAALAEAWgAAAAAAAAAgCUIQAMAAAAAAAAALEEAGgAAAAAAAABgCQLQAAAAAAAAAABL
EIAGAAAAAAAAAFiCADQAAAAAAAAAwBIEoAEAAAAAAAAAliAADQAAAAAAAACwBAFoAAAAAAAAAIAl
CEADAAAAAAAAACxBABoAAAAAAAAAYAkC0AAAAAAAAAAASxCABgAAAAAAAABYggA0AAAAAAAAAMAS
BKABAAAAAAAAAJYgAA0AAAAAAAAAsIRjUjcAAAD8dzg6OsrV1VUuLi5ycnKSg4NDUjcJAGCD0NBQ
PXnyRPfv31dgYKCCg4OTukkAAOA/wkFSaFI3AgAApHyZMmVS9uzZCToDQAoXGhoqPz8/3blzJ6mb
AgAA/gMIQAMAgATLlCmTcuTIkdTNAADY0Y0bNwhCAwCABCMHNAAASBBHR0dlz549qZsBALCz7Nmz
y9GRrI0AACBhCEADAPB/7dwxqqxAFEXRK7SRgVHPf4AV2WCkUD97EygPhZ+1RnCiG2y0GLLvu2c3
AP5Dy7LUvu+zZwAALydAAwBDtm2bPQGAEDceABglQAMAQ9Z1nT0BgBA3HgAYJUADAAAAABAhQAMA
Q67rmj0BgBA3HgAYJUADAEPO85w9AYAQNx4AGCVAAwBDjuOo3vvsGQA8rPdex3HMngEAvJwADQAM
ue+7WmuzZwDwsNZa3fc9ewYA8HKf2QMAgPf7/X5VVfX9fmtZlslrABjRe6/W2t9tBwAYsVSVf2YB
gEd8Pp/a9722bat1XcVogJfovdd1XXWeZx3H4ctnAOAxAjQAAAAAABHegAYAAAAAIEKABgAAAAAg
QoAGAAAAACBCgAYAAAAAIEKABgAAAAAgQoAGAAAAACBCgAYAAAAAIEKABgAAAAAgQoAGAAAAACBC
gAYAAAAAIEKABgAAAAAgQoAGAAAAACBCgAYAAAAAIEKABgAAAAAgQoAGAAAAACBCgAYAAAAAIEKA
BgAAAAAgQoAGAAAAACBCgAYAAAAAIEKABgAAAAAgQoAGAAAAACBCgAYAAAAAIEKABgAAAAAgQoAG
AAAAACBCgAYAAAAAIEKABgAAAAAgQoAGAAAAACBCgAYAAAAAIEKABgAAAAAgQoAGAAAAACBCgAYA
AAAAIEKABgAAAAAgQoAGAAAAACBCgAYAAAAAIOIf01vwOGplo9gAAAAASUVORK5CYII=
" width="800px"&gt;</msg>
<status status="PASS" starttime="20240516 16:43:07.078" endtime="20240516 16:43:08.219"/>
</kw>
<msg timestamp="20240516 16:43:08.220" level="INFO">xpath criteria: /hierarchy/android.widget.FrameLayout/android.widget.LinearLayout/android.widget.FrameLayout/android.widget.LinearLayout/android.widget.FrameLayout/android.widget.FrameLayout/android.view.ViewGroup/android.view.ViewGroup/android.view.ViewGroup/android.view.ViewGroup/android.view.ViewGroup/android.view.ViewGroup/android.view.ViewGroup/android.view.ViewGroup/android.view.ViewGroup/android.view.ViewGroup/android.view.ViewGroup/android.view.ViewGroup/android.view.ViewGroup/android.view.ViewGroup/android.view.ViewGroup/android.view.ViewGroup/android.view.ViewGroup/android.view.ViewGroup/android.view.ViewGroup/android.widget.ScrollView/android.view.ViewGroup/android.view.ViewGroup[2]/android.view.ViewGroup/android.view.ViewGroup/android.view.ViewGroup/android.widget.EditText</msg>
<msg timestamp="20240516 16:43:08.221" level="FAIL">ValueError: Element locator 'xpath=/hierarchy/android.widget.FrameLayout/android.widget.LinearLayout/android.widget.FrameLayout/android.widget.LinearLayout/android.widget.FrameLayout/android.widget.FrameLayout/android.view.ViewGroup/android.view.ViewGroup/android.view.ViewGroup/android.view.ViewGroup/android.view.ViewGroup/android.view.ViewGroup/android.view.ViewGroup/android.view.ViewGroup/android.view.ViewGroup/android.view.ViewGroup/android.view.ViewGroup/android.view.ViewGroup/android.view.ViewGroup/android.view.ViewGroup/android.view.ViewGroup/android.view.ViewGroup/android.view.ViewGroup/android.view.ViewGroup/android.view.ViewGroup/android.widget.ScrollView/android.view.ViewGroup/android.view.ViewGroup[2]/android.view.ViewGroup/android.view.ViewGroup/android.view.ViewGroup/android.widget.EditText' did not match any elements.</msg>
<status status="FAIL" starttime="20240516 16:43:06.630" endtime="20240516 16:43:08.224"/>
</kw>
<kw name="Click Element" library="AppiumLibrary">
<arg>xpath=/hierarchy/android.widget.FrameLayout/android.widget.LinearLayout/android.widget.FrameLayout/android.widget.LinearLayout/android.widget.FrameLayout/android.widget.FrameLayout/android.view.ViewGroup/android.view.ViewGroup/android.view.ViewGroup/android.view.ViewGroup/android.view.ViewGroup/android.view.ViewGroup/android.view.ViewGroup/android.view.ViewGroup/android.view.ViewGroup/android.view.ViewGroup/android.view.ViewGroup/android.view.ViewGroup/android.view.ViewGroup/android.view.ViewGroup/android.view.ViewGroup/android.view.ViewGroup/android.view.ViewGroup/android.view.ViewGroup/android.view.ViewGroup/android.widget.ScrollView/android.view.ViewGroup/android.view.ViewGroup[3]/android.view.ViewGroup/android.view.ViewGroup/android.view.ViewGroup/android.view.ViewGroup/android.view.View</arg>
<doc>Click element identified by `locator`.</doc>
<status status="NOT RUN" starttime="20240516 16:43:08.225" endtime="20240516 16:43:08.225"/>
</kw>
<kw name="Sleep" library="BuiltIn">
<arg>5s</arg>
<doc>Pauses the test executed for the given time.</doc>
<status status="NOT RUN" starttime="20240516 16:43:08.226" endtime="20240516 16:43:08.226"/>
</kw>
<kw name="Input Text" library="AppiumLibrary">
<arg>xpath=${contraseña_xpath}</arg>
<arg>${contraseña}</arg>
<doc>Types the given `text` into text field identified by `locator`.</doc>
<status status="NOT RUN" starttime="20240516 16:43:08.226" endtime="20240516 16:43:08.227"/>
</kw>
<kw name="Click Element" library="AppiumLibrary">
<arg>xpath=/hierarchy/android.widget.FrameLayout/android.widget.LinearLayout/android.widget.FrameLayout/android.widget.LinearLayout/android.widget.FrameLayout/android.widget.FrameLayout/android.view.ViewGroup/android.view.ViewGroup/android.view.ViewGroup/android.view.ViewGroup/android.view.ViewGroup/android.view.ViewGroup/android.view.ViewGroup/android.view.ViewGroup/android.view.ViewGroup/android.view.ViewGroup/android.view.ViewGroup/android.view.ViewGroup/android.view.ViewGroup/android.view.ViewGroup/android.view.ViewGroup/android.view.ViewGroup/android.view.ViewGroup/android.view.ViewGroup/android.view.ViewGroup/android.widget.ScrollView/android.view.ViewGroup/android.view.ViewGroup[3]/android.view.ViewGroup/android.view.ViewGroup/android.view.ViewGroup/android.view.ViewGroup/android.view.View</arg>
<doc>Click element identified by `locator`.</doc>
<status status="NOT RUN" starttime="20240516 16:43:08.227" endtime="20240516 16:43:08.227"/>
</kw>
<kw name="Sleep" library="BuiltIn">
<arg>5s</arg>
<doc>Pauses the test executed for the given time.</doc>
<status status="NOT RUN" starttime="20240516 16:43:08.227" endtime="20240516 16:43:08.228"/>
</kw>
<status status="FAIL" starttime="20240516 16:42:35.471" endtime="20240516 16:43:08.228"/>
</kw>
<kw name="Tomar Captura de Pantalla si el Test Case ha Fallado" library="keywords_demo">
<arg>${TEST_NAME}.png</arg>
<status status="NOT RUN" starttime="20240516 16:43:08.229" endtime="20240516 16:43:08.229"/>
</kw>
<tag>Happy Path</tag>
<status status="FAIL" starttime="20240516 16:42:35.470" endtime="20240516 16:43:08.230">ValueError: Element locator 'xpath=/hierarchy/android.widget.FrameLayout/android.widget.LinearLayout/android.widget.FrameLayout/android.widget.LinearLayout/android.widget.FrameLayout/android.widget.FrameLayout/android.view.ViewGroup/android.view.ViewGroup/android.view.ViewGroup/android.view.ViewGroup/android.view.ViewGroup/android.view.ViewGroup/android.view.ViewGroup/android.view.ViewGroup/android.view.ViewGroup/android.view.ViewGroup/android.view.ViewGroup/android.view.ViewGroup/android.view.ViewGroup/android.view.ViewGroup/android.view.ViewGroup/android.view.ViewGroup/android.view.ViewGroup/android.view.ViewGroup/android.view.ViewGroup/android.widget.ScrollView/android.view.ViewGroup/android.view.ViewGroup[2]/android.view.ViewGroup/android.view.ViewGroup/android.view.ViewGroup/android.widget.EditText' did not match any elements.</status>
</test>
<doc>Demo probando Kuhnipay</doc>
<status status="FAIL" starttime="20240516 16:40:25.983" endtime="20240516 16:43:08.231"/>
</suite>
<statistics>
<total>
<stat pass="0" fail="4" skip="0">All Tests</stat>
</total>
<tag>
<stat pass="0" fail="1" skip="0">Empty Fields</stat>
<stat pass="0" fail="1" skip="0">Happy Path</stat>
<stat pass="0" fail="1" skip="0">Invalid Password</stat>
<stat pass="0" fail="1" skip="0">Invalid Username</stat>
</tag>
<suite>
<stat pass="0" fail="4" skip="0" id="s1" name="DemoTest">DemoTest</stat>
</suite>
</statistics>
<errors>
</errors>
</robot>
